<?xml version="1.0" encoding="UTF-8"?>
<coverage generated="1749482666840" clover="3.2.0">
  <project timestamp="1749482666841" name="All files">
    <metrics statements="244" coveredstatements="232" conditionals="78" coveredconditionals="59" methods="55" coveredmethods="50" elements="377" coveredelements="341" complexity="0" loc="244" ncloc="244" packages="4" files="18" classes="18"/>
    <package name="src">
      <metrics statements="72" coveredstatements="69" conditionals="13" coveredconditionals="11" methods="10" coveredmethods="7"/>
      <file name="App.ts" path="C:\Users\abrev\OneDrive\Desktop\NOTIFPUSH\API-Mesa-de-examen\backend\src\App.ts">
        <metrics statements="20" coveredstatements="20" conditionals="0" coveredconditionals="0" methods="2" coveredmethods="2"/>
        <line num="2" count="1" type="stmt"/>
        <line num="3" count="1" type="stmt"/>
        <line num="4" count="1" type="stmt"/>
        <line num="5" count="1" type="stmt"/>
        <line num="6" count="1" type="stmt"/>
        <line num="9" count="1" type="stmt"/>
        <line num="10" count="3" type="stmt"/>
        <line num="11" count="3" type="stmt"/>
        <line num="12" count="2" type="stmt"/>
        <line num="14" count="1" type="stmt"/>
        <line num="18" count="1" type="stmt"/>
        <line num="19" count="1" type="stmt"/>
        <line num="20" count="1" type="stmt"/>
        <line num="21" count="1" type="stmt"/>
        <line num="22" count="1" type="stmt"/>
        <line num="23" count="3" type="stmt"/>
        <line num="24" count="3" type="stmt"/>
        <line num="26" count="1" type="stmt"/>
        <line num="27" count="1" type="stmt"/>
        <line num="29" count="1" type="stmt"/>
      </file>
      <file name="rutas.ts" path="C:\Users\abrev\OneDrive\Desktop\NOTIFPUSH\API-Mesa-de-examen\backend\src\rutas.ts">
        <metrics statements="14" coveredstatements="14" conditionals="0" coveredconditionals="0" methods="0" coveredmethods="0"/>
        <line num="1" count="2" type="stmt"/>
        <line num="2" count="2" type="stmt"/>
        <line num="3" count="2" type="stmt"/>
        <line num="9" count="2" type="stmt"/>
        <line num="10" count="2" type="stmt"/>
        <line num="12" count="2" type="stmt"/>
        <line num="14" count="2" type="stmt"/>
        <line num="15" count="2" type="stmt"/>
        <line num="16" count="2" type="stmt"/>
        <line num="17" count="2" type="stmt"/>
        <line num="18" count="2" type="stmt"/>
        <line num="20" count="2" type="stmt"/>
        <line num="21" count="2" type="stmt"/>
        <line num="23" count="2" type="stmt"/>
      </file>
      <file name="subscripciones.ts" path="C:\Users\abrev\OneDrive\Desktop\NOTIFPUSH\API-Mesa-de-examen\backend\src\subscripciones.ts">
        <metrics statements="14" coveredstatements="11" conditionals="3" coveredconditionals="3" methods="5" coveredmethods="2"/>
        <line num="1" count="3" type="stmt"/>
        <line num="8" count="3" type="stmt"/>
        <line num="11" count="3" type="stmt"/>
        <line num="12" count="5" type="stmt"/>
        <line num="13" count="8" type="cond" truecount="2" falsecount="0"/>
        <line num="16" count="5" type="cond" truecount="1" falsecount="0"/>
        <line num="17" count="4" type="stmt"/>
        <line num="18" count="4" type="stmt"/>
        <line num="19" count="4" type="stmt"/>
        <line num="21" count="4" type="stmt"/>
        <line num="26" count="3" type="stmt"/>
        <line num="27" count="0" type="stmt"/>
        <line num="28" count="0" type="stmt"/>
        <line num="29" count="0" type="stmt"/>
      </file>
      <file name="suscripcionesRouter.ts" path="C:\Users\abrev\OneDrive\Desktop\NOTIFPUSH\API-Mesa-de-examen\backend\src\suscripcionesRouter.ts">
        <metrics statements="24" coveredstatements="24" conditionals="10" coveredconditionals="8" methods="3" coveredmethods="3"/>
        <line num="1" count="3" type="stmt"/>
        <line num="2" count="3" type="stmt"/>
        <line num="3" count="3" type="stmt"/>
        <line num="4" count="3" type="stmt"/>
        <line num="6" count="3" type="stmt"/>
        <line num="8" count="3" type="stmt"/>
        <line num="9" count="3" type="stmt"/>
        <line num="12" count="3" type="stmt"/>
        <line num="13" count="9" type="stmt"/>
        <line num="15" count="9" type="cond" truecount="4" falsecount="0"/>
        <line num="16" count="4" type="stmt"/>
        <line num="17" count="4" type="stmt"/>
        <line num="18" count="4" type="stmt"/>
        <line num="21" count="5" type="stmt"/>
        <line num="22" count="5" type="stmt"/>
        <line num="26" count="3" type="stmt"/>
        <line num="27" count="2" type="stmt"/>
        <line num="29" count="2" type="stmt"/>
        <line num="36" count="2" type="stmt"/>
        <line num="37" count="2" type="stmt"/>
        <line num="38" count="1" type="stmt"/>
        <line num="40" count="1" type="cond" truecount="4" falsecount="2"/>
        <line num="41" count="1" type="stmt"/>
        <line num="45" count="3" type="stmt"/>
      </file>
    </package>
    <package name="src.Configuracion">
      <metrics statements="12" coveredstatements="12" conditionals="5" coveredconditionals="3" methods="3" coveredmethods="3"/>
      <file name="WebPushConfig.ts" path="C:\Users\abrev\OneDrive\Desktop\NOTIFPUSH\API-Mesa-de-examen\backend\src\Configuracion\WebPushConfig.ts">
        <metrics statements="9" coveredstatements="9" conditionals="5" coveredconditionals="3" methods="3" coveredmethods="3"/>
        <line num="3" count="8" type="stmt"/>
        <line num="4" count="8" type="stmt"/>
        <line num="5" count="8" type="stmt"/>
        <line num="11" count="8" type="stmt"/>
        <line num="19" count="8" type="cond" truecount="1" falsecount="0"/>
        <line num="20" count="8" type="stmt"/>
        <line num="22" count="8" type="stmt"/>
        <line num="26" count="8" type="stmt"/>
        <line num="30" count="8" type="stmt"/>
      </file>
      <file name="db.ts" path="C:\Users\abrev\OneDrive\Desktop\NOTIFPUSH\API-Mesa-de-examen\backend\src\Configuracion\db.ts">
        <metrics statements="3" coveredstatements="3" conditionals="0" coveredconditionals="0" methods="0" coveredmethods="0"/>
        <line num="1" count="5" type="stmt"/>
        <line num="3" count="5" type="stmt"/>
        <line num="13" count="5" type="stmt"/>
      </file>
    </package>
    <package name="src.Controladores">
      <metrics statements="67" coveredstatements="65" conditionals="12" coveredconditionals="10" methods="14" coveredmethods="14"/>
      <file name="AuthController.ts" path="C:\Users\abrev\OneDrive\Desktop\NOTIFPUSH\API-Mesa-de-examen\backend\src\Controladores\AuthController.ts">
        <metrics statements="12" coveredstatements="10" conditionals="1" coveredconditionals="1" methods="2" coveredmethods="2"/>
        <line num="2" count="3" type="stmt"/>
        <line num="4" count="3" type="stmt"/>
        <line num="6" count="3" type="stmt"/>
        <line num="7" count="2" type="stmt"/>
        <line num="9" count="2" type="stmt"/>
        <line num="10" count="2" type="stmt"/>
        <line num="16" count="2" type="cond" truecount="1" falsecount="0"/>
        <line num="17" count="1" type="stmt"/>
        <line num="18" count="1" type="stmt"/>
        <line num="22" count="1" type="stmt"/>
        <line num="28" count="0" type="stmt"/>
        <line num="29" count="0" type="stmt"/>
      </file>
      <file name="GestiondeMesas.ts" path="C:\Users\abrev\OneDrive\Desktop\NOTIFPUSH\API-Mesa-de-examen\backend\src\Controladores\GestiondeMesas.ts">
        <metrics statements="30" coveredstatements="30" conditionals="0" coveredconditionals="0" methods="8" coveredmethods="8"/>
        <line num="4" count="3" type="stmt"/>
        <line num="6" count="3" type="stmt"/>
        <line num="7" count="3" type="stmt"/>
        <line num="8" count="3" type="stmt"/>
        <line num="9" count="3" type="stmt"/>
        <line num="12" count="3" type="stmt"/>
        <line num="13" count="3" type="stmt"/>
        <line num="14" count="3" type="stmt"/>
        <line num="15" count="3" type="stmt"/>
        <line num="18" count="3" type="stmt"/>
        <line num="21" count="3" type="stmt"/>
        <line num="27" count="2" type="stmt"/>
        <line num="29" count="2" type="stmt"/>
        <line num="30" count="2" type="stmt"/>
        <line num="34" count="3" type="stmt"/>
        <line num="35" count="2" type="stmt"/>
        <line num="36" count="2" type="stmt"/>
        <line num="37" count="2" type="stmt"/>
        <line num="41" count="3" type="stmt"/>
        <line num="42" count="1" type="stmt"/>
        <line num="43" count="1" type="stmt"/>
        <line num="44" count="1" type="stmt"/>
        <line num="47" count="3" type="stmt"/>
        <line num="48" count="2" type="stmt"/>
        <line num="55" count="2" type="stmt"/>
        <line num="57" count="2" type="stmt"/>
        <line num="58" count="2" type="stmt"/>
        <line num="59" count="1" type="stmt"/>
        <line num="61" count="1" type="stmt"/>
        <line num="62" count="1" type="stmt"/>
      </file>
      <file name="Mesas.ts" path="C:\Users\abrev\OneDrive\Desktop\NOTIFPUSH\API-Mesa-de-examen\backend\src\Controladores\Mesas.ts">
        <metrics statements="25" coveredstatements="25" conditionals="11" coveredconditionals="9" methods="4" coveredmethods="4"/>
        <line num="1" count="3" type="stmt"/>
        <line num="2" count="3" type="stmt"/>
        <line num="4" count="3" type="stmt"/>
        <line num="6" count="3" type="stmt"/>
        <line num="7" count="3" type="stmt"/>
        <line num="9" count="3" type="stmt"/>
        <line num="10" count="3" type="stmt"/>
        <line num="12" count="3" type="cond" truecount="5" falsecount="0"/>
        <line num="13" count="1" type="stmt"/>
        <line num="14" count="1" type="stmt"/>
        <line num="17" count="2" type="stmt"/>
        <line num="24" count="2" type="stmt"/>
        <line num="25" count="2" type="stmt"/>
        <line num="26" count="1" type="stmt"/>
        <line num="27" count="1" type="stmt"/>
        <line num="29" count="1" type="cond" truecount="4" falsecount="2"/>
        <line num="30" count="1" type="stmt"/>
        <line num="35" count="3" type="stmt"/>
        <line num="36" count="2" type="stmt"/>
        <line num="38" count="2" type="stmt"/>
        <line num="39" count="2" type="stmt"/>
        <line num="40" count="1" type="stmt"/>
        <line num="42" count="1" type="stmt"/>
        <line num="43" count="1" type="stmt"/>
        <line num="47" count="3" type="stmt"/>
      </file>
    </package>
    <package name="src.Servicios">
      <metrics statements="93" coveredstatements="86" conditionals="48" coveredconditionals="35" methods="28" coveredmethods="26"/>
      <file name="AuthService.ts" path="C:\Users\abrev\OneDrive\Desktop\NOTIFPUSH\API-Mesa-de-examen\backend\src\Servicios\AuthService.ts">
        <metrics statements="12" coveredstatements="9" conditionals="1" coveredconditionals="1" methods="2" coveredmethods="1"/>
        <line num="1" count="4" type="stmt"/>
        <line num="2" count="4" type="stmt"/>
        <line num="4" count="4" type="stmt"/>
        <line num="6" count="4" type="stmt"/>
        <line num="8" count="7" type="stmt"/>
        <line num="13" count="7" type="cond" truecount="1" falsecount="0"/>
        <line num="15" count="2" type="stmt"/>
        <line num="16" count="2" type="stmt"/>
        <line num="18" count="2" type="stmt"/>
        <line num="26" count="0" type="stmt"/>
        <line num="27" count="0" type="stmt"/>
        <line num="29" count="0" type="stmt"/>
      </file>
      <file name="MesaRepository.ts" path="C:\Users\abrev\OneDrive\Desktop\NOTIFPUSH\API-Mesa-de-examen\backend\src\Servicios\MesaRepository.ts">
        <metrics statements="10" coveredstatements="10" conditionals="0" coveredconditionals="0" methods="2" coveredmethods="2"/>
        <line num="2" count="5" type="stmt"/>
        <line num="3" count="5" type="stmt"/>
        <line num="4" count="5" type="stmt"/>
        <line num="6" count="5" type="stmt"/>
        <line num="8" count="5" type="stmt"/>
        <line num="17" count="3" type="stmt"/>
        <line num="19" count="3" type="stmt"/>
        <line num="26" count="2" type="stmt"/>
        <line num="35" count="2" type="stmt"/>
        <line num="39" count="2" type="stmt"/>
      </file>
      <file name="NotificacionService.ts" path="C:\Users\abrev\OneDrive\Desktop\NOTIFPUSH\API-Mesa-de-examen\backend\src\Servicios\NotificacionService.ts">
        <metrics statements="9" coveredstatements="8" conditionals="9" coveredconditionals="9" methods="3" coveredmethods="2"/>
        <line num="3" count="5" type="stmt"/>
        <line num="7" count="7" type="stmt"/>
        <line num="11" count="0" type="stmt"/>
        <line num="15" count="3" type="cond" truecount="2" falsecount="0"/>
        <line num="17" count="3" type="cond" truecount="1" falsecount="0"/>
        <line num="18" count="1" type="stmt"/>
        <line num="19" count="1" type="stmt"/>
        <line num="22" count="2" type="stmt"/>
        <line num="28" count="2" type="stmt"/>
      </file>
      <file name="NotificacionesPushObserver.ts" path="C:\Users\abrev\OneDrive\Desktop\NOTIFPUSH\API-Mesa-de-examen\backend\src\Servicios\NotificacionesPushObserver.ts">
        <metrics statements="3" coveredstatements="3" conditionals="0" coveredconditionals="0" methods="0" coveredmethods="0"/>
        <line num="4" count="6" type="stmt"/>
        <line num="15" count="6" type="stmt"/>
        <line num="16" count="6" type="stmt"/>
      </file>
      <file name="NotificadorMesasObserver.ts" path="C:\Users\abrev\OneDrive\Desktop\NOTIFPUSH\API-Mesa-de-examen\backend\src\Servicios\NotificadorMesasObserver.ts">
        <metrics statements="18" coveredstatements="18" conditionals="7" coveredconditionals="5" methods="7" coveredmethods="7"/>
        <line num="5" count="7" type="stmt"/>
        <line num="8" count="7" type="stmt"/>
        <line num="9" count="13" type="stmt"/>
        <line num="13" count="6" type="stmt"/>
        <line num="14" count="6" type="stmt"/>
        <line num="19" count="2" type="stmt"/>
        <line num="20" count="2" type="stmt"/>
        <line num="25" count="5" type="cond" truecount="1" falsecount="0"/>
        <line num="26" count="2" type="stmt"/>
        <line num="27" count="2" type="stmt"/>
        <line num="30" count="3" type="stmt"/>
        <line num="32" count="3" type="stmt"/>
        <line num="33" count="4" type="stmt"/>
        <line num="34" count="4" type="stmt"/>
        <line num="40" count="1" type="stmt"/>
        <line num="41" count="1" type="stmt"/>
        <line num="43" count="1" type="cond" truecount="4" falsecount="2"/>
        <line num="44" count="1" type="stmt"/>
      </file>
      <file name="PushStrategyA.ts" path="C:\Users\abrev\OneDrive\Desktop\NOTIFPUSH\API-Mesa-de-examen\backend\src\Servicios\PushStrategyA.ts">
        <metrics statements="7" coveredstatements="7" conditionals="6" coveredconditionals="5" methods="1" coveredmethods="1"/>
        <line num="4" count="8" type="stmt"/>
        <line num="6" count="8" type="stmt"/>
        <line num="11" count="5" type="stmt"/>
        <line num="12" count="5" type="stmt"/>
        <line num="13" count="2" type="stmt"/>
        <line num="20" count="3" type="stmt"/>
        <line num="29" count="5" type="stmt"/>
      </file>
      <file name="PushSuscripcionObserver.ts" path="C:\Users\abrev\OneDrive\Desktop\NOTIFPUSH\API-Mesa-de-examen\backend\src\Servicios\PushSuscripcionObserver.ts">
        <metrics statements="13" coveredstatements="10" conditionals="15" coveredconditionals="6" methods="2" coveredmethods="2"/>
        <line num="6" count="8" type="stmt"/>
        <line num="8" count="8" type="stmt"/>
        <line num="10" count="8" type="stmt"/>
        <line num="11" count="2" type="stmt"/>
        <line num="14" count="1" type="stmt"/>
        <line num="19" count="1" type="stmt"/>
        <line num="20" count="1" type="cond" truecount="4" falsecount="2"/>
        <line num="22" count="1" type="cond" truecount="2" falsecount="1"/>
        <line num="23" count="0" type="stmt"/>
        <line num="24" count="0" type="stmt"/>
        <line num="27" count="1" type="stmt"/>
        <line num="28" count="1" type="stmt"/>
        <line num="30" count="0" type="cond" truecount="0" falsecount="6"/>
      </file>
      <file name="RespuestaProfesorService.ts" path="C:\Users\abrev\OneDrive\Desktop\NOTIFPUSH\API-Mesa-de-examen\backend\src\Servicios\RespuestaProfesorService.ts">
        <metrics statements="11" coveredstatements="11" conditionals="10" coveredconditionals="9" methods="7" coveredmethods="7"/>
        <line num="9" count="4" type="stmt"/>
        <line num="10" count="3" type="stmt"/>
        <line num="13" count="6" type="stmt"/>
        <line num="17" count="5" type="stmt"/>
        <line num="21" count="11" type="stmt"/>
        <line num="22" count="28" type="cond" truecount="2" falsecount="0"/>
        <line num="24" count="11" type="cond" truecount="2" falsecount="0"/>
        <line num="25" count="3" type="stmt"/>
        <line num="27" count="8" type="stmt"/>
        <line num="32" count="8" type="cond" truecount="3" falsecount="1"/>
        <line num="33" count="29" type="cond" truecount="2" falsecount="0"/>
      </file>
      <file name="SistemaExamenFacade.ts" path="C:\Users\abrev\OneDrive\Desktop\NOTIFPUSH\API-Mesa-de-examen\backend\src\Servicios\SistemaExamenFacade.ts">
        <metrics statements="10" coveredstatements="10" conditionals="0" coveredconditionals="0" methods="4" coveredmethods="4"/>
        <line num="7" count="4" type="stmt"/>
        <line num="18" count="3" type="stmt"/>
        <line num="19" count="3" type="stmt"/>
        <line num="20" count="3" type="stmt"/>
        <line num="29" count="2" type="stmt"/>
        <line num="30" count="2" type="stmt"/>
        <line num="34" count="2" type="stmt"/>
        <line num="35" count="2" type="stmt"/>
        <line num="39" count="2" type="stmt"/>
        <line num="40" count="2" type="stmt"/>
      </file>
    </package>
  </project>
</coverage>
