{"C:\\Users\\nacho\\OneDrive\\Escritorio\\API-Mesa-de-examen\\backend\\src\\App.ts": {"path":"C:\\Users\\nacho\\OneDrive\\Escritorio\\API-Mesa-de-examen\\backend\\src\\App.ts","statementMap":{"0":{"start":{"line":10,"column":0},"end":{"line":10,"column":22}},"1":{"start":{"line":3,"column":0},"end":{"line":3,"column":30}},"2":{"start":{"line":4,"column":0},"end":{"line":4,"column":28}},"3":{"start":{"line":5,"column":0},"end":{"line":5,"column":56}},"4":{"start":{"line":6,"column":0},"end":{"line":6,"column":38}},"5":{"start":{"line":7,"column":0},"end":{"line":7,"column":24}},"6":{"start":{"line":11,"column":2},"end":{"line":16,"column":3}},"7":{"start":{"line":12,"column":19},"end":{"line":12,"column":47}},"8":{"start":{"line":13,"column":4},"end":{"line":13,"column":56}},"9":{"start":{"line":15,"column":4},"end":{"line":15,"column":68}},"10":{"start":{"line":19,"column":12},"end":{"line":19,"column":21}},"11":{"start":{"line":20,"column":0},"end":{"line":20,"column":16}},"12":{"start":{"line":21,"column":0},"end":{"line":21,"column":24}},"13":{"start":{"line":22,"column":0},"end":{"line":22,"column":48}},"14":{"start":{"line":23,"column":0},"end":{"line":26,"column":3}},"15":{"start":{"line":24,"column":2},"end":{"line":24,"column":43}},"16":{"start":{"line":25,"column":2},"end":{"line":25,"column":9}},"17":{"start":{"line":27,"column":0},"end":{"line":27,"column":23}},"18":{"start":{"line":28,"column":0},"end":{"line":28,"column":37}},"19":{"start":{"line":30,"column":0},"end":{"line":30,"column":19}}},"fnMap":{"0":{"name":"testDBConnection","decl":{"start":{"line":10,"column":22},"end":{"line":10,"column":38}},"loc":{"start":{"line":10,"column":38},"end":{"line":17,"column":null}}},"1":{"name":"(anonymous_10)","decl":{"start":{"line":23,"column":8},"end":{"line":23,"column":9}},"loc":{"start":{"line":23,"column":27},"end":{"line":26,"column":1}}}},"branchMap":{},"s":{"0":1,"1":1,"2":1,"3":1,"4":1,"5":1,"6":1,"7":1,"8":1,"9":0,"10":1,"11":1,"12":1,"13":1,"14":1,"15":0,"16":0,"17":1,"18":1,"19":1},"f":{"0":1,"1":0},"b":{}}
,"C:\\Users\\nacho\\OneDrive\\Escritorio\\API-Mesa-de-examen\\backend\\src\\rutas.ts": {"path":"C:\\Users\\nacho\\OneDrive\\Escritorio\\API-Mesa-de-examen\\backend\\src\\rutas.ts","statementMap":{"0":{"start":{"line":1,"column":0},"end":{"line":1,"column":33}},"1":{"start":{"line":2,"column":0},"end":{"line":2,"column":55}},"2":{"start":{"line":3,"column":0},"end":{"line":3,"column":null}},"3":{"start":{"line":9,"column":0},"end":{"line":9,"column":57}},"4":{"start":{"line":10,"column":0},"end":{"line":10,"column":48}},"5":{"start":{"line":12,"column":15},"end":{"line":12,"column":23}},"6":{"start":{"line":14,"column":0},"end":{"line":14,"column":29}},"7":{"start":{"line":15,"column":0},"end":{"line":15,"column":61}},"8":{"start":{"line":16,"column":0},"end":{"line":16,"column":42}},"9":{"start":{"line":17,"column":0},"end":{"line":17,"column":42}},"10":{"start":{"line":18,"column":0},"end":{"line":18,"column":40}},"11":{"start":{"line":20,"column":0},"end":{"line":20,"column":52}},"12":{"start":{"line":21,"column":0},"end":{"line":21,"column":34}},"13":{"start":{"line":23,"column":0},"end":{"line":23,"column":22}}},"fnMap":{},"branchMap":{},"s":{"0":2,"1":2,"2":2,"3":2,"4":2,"5":2,"6":2,"7":2,"8":2,"9":2,"10":2,"11":2,"12":2,"13":2},"f":{},"b":{}}
,"C:\\Users\\nacho\\OneDrive\\Escritorio\\API-Mesa-de-examen\\backend\\src\\subscripciones.ts": {"path":"C:\\Users\\nacho\\OneDrive\\Escritorio\\API-Mesa-de-examen\\backend\\src\\subscripciones.ts","statementMap":{"0":{"start":{"line":11,"column":0},"end":{"line":11,"column":16}},"1":{"start":{"line":26,"column":0},"end":{"line":26,"column":16}},"2":{"start":{"line":1,"column":0},"end":{"line":1,"column":77}},"3":{"start":{"line":8,"column":13},"end":{"line":8,"column":59}},"4":{"start":{"line":12,"column":23},"end":{"line":13,"column":null}},"5":{"start":{"line":13,"column":11},"end":{"line":13,"column":105}},"6":{"start":{"line":16,"column":2},"end":{"line":22,"column":3}},"7":{"start":{"line":17,"column":4},"end":{"line":17,"column":54}},"8":{"start":{"line":18,"column":4},"end":{"line":18,"column":73}},"9":{"start":{"line":19,"column":4},"end":{"line":19,"column":88}},"10":{"start":{"line":21,"column":4},"end":{"line":21,"column":61}},"11":{"start":{"line":27,"column":2},"end":{"line":29,"column":32}},"12":{"start":{"line":28,"column":19},"end":{"line":28,"column":46}},"13":{"start":{"line":29,"column":16},"end":{"line":29,"column":30}}},"fnMap":{"0":{"name":"registrarSuscripcion","decl":{"start":{"line":11,"column":16},"end":{"line":11,"column":36}},"loc":{"start":{"line":11,"column":87},"end":{"line":23,"column":1}}},"1":{"name":"(anonymous_2)","decl":{"start":{"line":13,"column":4},"end":{"line":13,"column":5}},"loc":{"start":{"line":13,"column":11},"end":{"line":13,"column":105}}},"2":{"name":"obtenerSuscripcionesPorProfesor","decl":{"start":{"line":26,"column":16},"end":{"line":26,"column":47}},"loc":{"start":{"line":26,"column":66},"end":{"line":30,"column":1}}},"3":{"name":"(anonymous_4)","decl":{"start":{"line":28,"column":12},"end":{"line":28,"column":13}},"loc":{"start":{"line":28,"column":19},"end":{"line":28,"column":46}}},"4":{"name":"(anonymous_5)","decl":{"start":{"line":29,"column":9},"end":{"line":29,"column":10}},"loc":{"start":{"line":29,"column":16},"end":{"line":29,"column":30}}}},"branchMap":{"0":{"loc":{"start":{"line":13,"column":11},"end":{"line":13,"column":105}},"type":"binary-expr","locations":[{"start":{"line":13,"column":11},"end":{"line":13,"column":38}},{"start":{"line":13,"column":42},"end":{"line":13,"column":105}}]},"1":{"loc":{"start":{"line":16,"column":2},"end":{"line":22,"column":3}},"type":"if","locations":[{"start":{"line":16,"column":2},"end":{"line":22,"column":3}}]}},"s":{"0":3,"1":3,"2":3,"3":3,"4":1,"5":0,"6":1,"7":1,"8":1,"9":1,"10":1,"11":0,"12":0,"13":0},"f":{"0":1,"1":0,"2":0,"3":0,"4":0},"b":{"0":[0,0],"1":[1]}}
,"C:\\Users\\nacho\\OneDrive\\Escritorio\\API-Mesa-de-examen\\backend\\src\\suscripcionesRouter.ts": {"path":"C:\\Users\\nacho\\OneDrive\\Escritorio\\API-Mesa-de-examen\\backend\\src\\suscripcionesRouter.ts","statementMap":{"0":{"start":{"line":1,"column":0},"end":{"line":1,"column":52}},"1":{"start":{"line":2,"column":0},"end":{"line":2,"column":56}},"2":{"start":{"line":3,"column":0},"end":{"line":3,"column":70}},"3":{"start":{"line":4,"column":0},"end":{"line":4,"column":69}},"4":{"start":{"line":6,"column":15},"end":{"line":6,"column":23}},"5":{"start":{"line":8,"column":19},"end":{"line":8,"column":49}},"6":{"start":{"line":9,"column":20},"end":{"line":9,"column":55}},"7":{"start":{"line":12,"column":0},"end":{"line":23,"column":3}},"8":{"start":{"line":13,"column":39},"end":{"line":13,"column":47}},"9":{"start":{"line":15,"column":2},"end":{"line":19,"column":3}},"10":{"start":{"line":16,"column":4},"end":{"line":16,"column":53}},"11":{"start":{"line":17,"column":4},"end":{"line":17,"column":62}},"12":{"start":{"line":18,"column":4},"end":{"line":18,"column":11}},"13":{"start":{"line":21,"column":2},"end":{"line":21,"column":49}},"14":{"start":{"line":22,"column":2},"end":{"line":22,"column":72}},"15":{"start":{"line":26,"column":0},"end":{"line":43,"column":3}},"16":{"start":{"line":26,"column":64},"end":{"line":43,"column":2}},"17":{"start":{"line":27,"column":50},"end":{"line":27,"column":58}},"18":{"start":{"line":29,"column":18},"end":{"line":34,"column":4}},"19":{"start":{"line":36,"column":2},"end":{"line":42,"column":3}},"20":{"start":{"line":37,"column":4},"end":{"line":37,"column":74}},"21":{"start":{"line":38,"column":4},"end":{"line":38,"column":77}},"22":{"start":{"line":40,"column":4},"end":{"line":40,"column":76}},"23":{"start":{"line":41,"column":4},"end":{"line":41,"column":75}},"24":{"start":{"line":45,"column":0},"end":{"line":45,"column":22}}},"fnMap":{"0":{"name":"(anonymous_7)","decl":{"start":{"line":12,"column":17},"end":{"line":12,"column":18}},"loc":{"start":{"line":12,"column":55},"end":{"line":23,"column":1}}},"1":{"name":"(anonymous_8)","decl":{"start":{"line":26,"column":26},"end":{"line":26,"column":33}},"loc":{"start":{"line":26,"column":64},"end":{"line":43,"column":2}}},"2":{"name":"(anonymous_9)","decl":{"start":{"line":26,"column":64},"end":{"line":26,"column":null}},"loc":{"start":{"line":26,"column":64},"end":{"line":43,"column":1}}}},"branchMap":{"0":{"loc":{"start":{"line":15,"column":2},"end":{"line":19,"column":3}},"type":"if","locations":[{"start":{"line":15,"column":2},"end":{"line":19,"column":3}}]},"1":{"loc":{"start":{"line":15,"column":6},"end":{"line":15,"column":60}},"type":"binary-expr","locations":[{"start":{"line":15,"column":6},"end":{"line":15,"column":17}},{"start":{"line":15,"column":21},"end":{"line":15,"column":34}},{"start":{"line":15,"column":38},"end":{"line":15,"column":60}}]},"2":{"loc":{"start":{"line":40,"column":51},"end":{"line":40,"column":74}},"type":"binary-expr","locations":[{"start":{"line":40,"column":51},"end":{"line":40,"column":65}},{"start":{"line":40,"column":69},"end":{"line":40,"column":74}}]},"3":{"loc":{"start":{"line":40,"column":51},"end":{"line":40,"column":65}},"type":"cond-expr","locations":[{"start":{"line":40,"column":56},"end":{"line":40,"column":58}},{"start":{"line":40,"column":51},"end":{"line":40,"column":65}}]},"4":{"loc":{"start":{"line":40,"column":51},"end":{"line":40,"column":58}},"type":"binary-expr","locations":[{"start":{"line":40,"column":51},"end":{"line":40,"column":58}},{"start":{"line":40,"column":51},"end":{"line":40,"column":58}}]}},"s":{"0":3,"1":3,"2":3,"3":3,"4":3,"5":3,"6":3,"7":3,"8":1,"9":1,"10":0,"11":0,"12":0,"13":1,"14":1,"15":3,"16":2,"17":2,"18":2,"19":2,"20":2,"21":1,"22":1,"23":1,"24":3},"f":{"0":1,"1":2,"2":2},"b":{"0":[0],"1":[1,1,1],"2":[1,0],"3":[0,1],"4":[1,1]}}
,"C:\\Users\\nacho\\OneDrive\\Escritorio\\API-Mesa-de-examen\\backend\\src\\Configuracion\\WebPushConfig.ts": {"path":"C:\\Users\\nacho\\OneDrive\\Escritorio\\API-Mesa-de-examen\\backend\\src\\Configuracion\\WebPushConfig.ts","statementMap":{"0":{"start":{"line":3,"column":0},"end":{"line":3,"column":31}},"1":{"start":{"line":4,"column":0},"end":{"line":4,"column":28}},"2":{"start":{"line":5,"column":0},"end":{"line":5,"column":16}},"3":{"start":{"line":11,"column":4},"end":{"line":15,"column":6}},"4":{"start":{"line":19,"column":4},"end":{"line":21,"column":5}},"5":{"start":{"line":20,"column":6},"end":{"line":20,"column":51}},"6":{"start":{"line":22,"column":4},"end":{"line":22,"column":34}},"7":{"start":{"line":26,"column":4},"end":{"line":26,"column":19}},"8":{"start":{"line":30,"column":0},"end":{"line":30,"column":29}}},"fnMap":{"0":{"name":"(anonymous_1)","decl":{"start":{"line":10,"column":2},"end":{"line":10,"column":null}},"loc":{"start":{"line":10,"column":2},"end":{"line":16,"column":3}}},"1":{"name":"(anonymous_2)","decl":{"start":{"line":18,"column":9},"end":{"line":18,"column":15}},"loc":{"start":{"line":18,"column":27},"end":{"line":23,"column":3}}},"2":{"name":"(anonymous_3)","decl":{"start":{"line":25,"column":9},"end":{"line":25,"column":19}},"loc":{"start":{"line":25,"column":19},"end":{"line":27,"column":3}}}},"branchMap":{"0":{"loc":{"start":{"line":13,"column":6},"end":{"line":13,"column":37}},"type":"binary-expr","locations":[{"start":{"line":13,"column":6},"end":{"line":13,"column":31}},{"start":{"line":13,"column":35},"end":{"line":13,"column":37}}]},"1":{"loc":{"start":{"line":14,"column":6},"end":{"line":14,"column":37}},"type":"binary-expr","locations":[{"start":{"line":14,"column":6},"end":{"line":14,"column":31}},{"start":{"line":14,"column":35},"end":{"line":14,"column":37}}]},"2":{"loc":{"start":{"line":19,"column":4},"end":{"line":21,"column":5}},"type":"if","locations":[{"start":{"line":19,"column":4},"end":{"line":21,"column":5}}]}},"s":{"0":8,"1":8,"2":8,"3":8,"4":8,"5":8,"6":8,"7":8,"8":8},"f":{"0":8,"1":8,"2":8},"b":{"0":[8,0],"1":[8,0],"2":[8]}}
,"C:\\Users\\nacho\\OneDrive\\Escritorio\\API-Mesa-de-examen\\backend\\src\\Configuracion\\db.ts": {"path":"C:\\Users\\nacho\\OneDrive\\Escritorio\\API-Mesa-de-examen\\backend\\src\\Configuracion\\db.ts","statementMap":{"0":{"start":{"line":1,"column":0},"end":{"line":1,"column":35}},"1":{"start":{"line":3,"column":13},"end":{"line":11,"column":2}},"2":{"start":{"line":13,"column":0},"end":{"line":13,"column":20}}},"fnMap":{},"branchMap":{},"s":{"0":5,"1":5,"2":5},"f":{},"b":{}}
,"C:\\Users\\nacho\\OneDrive\\Escritorio\\API-Mesa-de-examen\\backend\\src\\Controladores\\AuthController.ts": {"path":"C:\\Users\\nacho\\OneDrive\\Escritorio\\API-Mesa-de-examen\\backend\\src\\Controladores\\AuthController.ts","statementMap":{"0":{"start":{"line":2,"column":0},"end":{"line":2,"column":55}},"1":{"start":{"line":4,"column":20},"end":{"line":4,"column":37}},"2":{"start":{"line":6,"column":21},"end":{"line":31,"column":2}},"3":{"start":{"line":6,"column":74},"end":{"line":31,"column":2}},"4":{"start":{"line":7,"column":29},"end":{"line":7,"column":37}},"5":{"start":{"line":9,"column":2},"end":{"line":30,"column":3}},"6":{"start":{"line":10,"column":17},"end":{"line":10,"column":null}},"7":{"start":{"line":16,"column":4},"end":{"line":19,"column":5}},"8":{"start":{"line":17,"column":6},"end":{"line":17,"column":66}},"9":{"start":{"line":18,"column":6},"end":{"line":18,"column":13}},"10":{"start":{"line":22,"column":4},"end":{"line":26,"column":7}},"11":{"start":{"line":28,"column":4},"end":{"line":28,"column":44}},"12":{"start":{"line":29,"column":4},"end":{"line":29,"column":68}},"13":{"start":{"line":6,"column":13},"end":{"line":6,"column":21}}},"fnMap":{"0":{"name":"(anonymous_7)","decl":{"start":{"line":6,"column":21},"end":{"line":6,"column":28}},"loc":{"start":{"line":6,"column":74},"end":{"line":31,"column":2}}},"1":{"name":"(anonymous_8)","decl":{"start":{"line":6,"column":74},"end":{"line":6,"column":null}},"loc":{"start":{"line":6,"column":74},"end":{"line":31,"column":1}}}},"branchMap":{"0":{"loc":{"start":{"line":16,"column":4},"end":{"line":19,"column":5}},"type":"if","locations":[{"start":{"line":16,"column":4},"end":{"line":19,"column":5}}]}},"s":{"0":3,"1":3,"2":3,"3":2,"4":2,"5":2,"6":2,"7":2,"8":1,"9":1,"10":1,"11":0,"12":0,"13":3},"f":{"0":2,"1":2},"b":{"0":[1]}}
,"C:\\Users\\nacho\\OneDrive\\Escritorio\\API-Mesa-de-examen\\backend\\src\\Controladores\\GestiondeMesas.ts": {"path":"C:\\Users\\nacho\\OneDrive\\Escritorio\\API-Mesa-de-examen\\backend\\src\\Controladores\\GestiondeMesas.ts","statementMap":{"0":{"start":{"line":4,"column":0},"end":{"line":4,"column":71}},"1":{"start":{"line":6,"column":0},"end":{"line":6,"column":61}},"2":{"start":{"line":7,"column":0},"end":{"line":7,"column":81}},"3":{"start":{"line":8,"column":0},"end":{"line":8,"column":71}},"4":{"start":{"line":9,"column":0},"end":{"line":9,"column":70}},"5":{"start":{"line":12,"column":17},"end":{"line":12,"column":37}},"6":{"start":{"line":13,"column":25},"end":{"line":13,"column":55}},"7":{"start":{"line":14,"column":19},"end":{"line":14,"column":49}},"8":{"start":{"line":15,"column":20},"end":{"line":15,"column":55}},"9":{"start":{"line":18,"column":15},"end":{"line":18,"column":79}},"10":{"start":{"line":21,"column":27},"end":{"line":31,"column":2}},"11":{"start":{"line":21,"column":65},"end":{"line":31,"column":2}},"12":{"start":{"line":27,"column":6},"end":{"line":27,"column":14}},"13":{"start":{"line":29,"column":2},"end":{"line":29,"column":33}},"14":{"start":{"line":30,"column":2},"end":{"line":30,"column":81}},"15":{"start":{"line":21,"column":13},"end":{"line":21,"column":27}},"16":{"start":{"line":34,"column":29},"end":{"line":38,"column":2}},"17":{"start":{"line":34,"column":67},"end":{"line":38,"column":2}},"18":{"start":{"line":35,"column":33},"end":{"line":35,"column":41}},"19":{"start":{"line":36,"column":2},"end":{"line":36,"column":49}},"20":{"start":{"line":37,"column":2},"end":{"line":37,"column":65}},"21":{"start":{"line":34,"column":13},"end":{"line":34,"column":29}},"22":{"start":{"line":41,"column":28},"end":{"line":45,"column":2}},"23":{"start":{"line":41,"column":66},"end":{"line":45,"column":2}},"24":{"start":{"line":42,"column":33},"end":{"line":42,"column":41}},"25":{"start":{"line":43,"column":2},"end":{"line":43,"column":48}},"26":{"start":{"line":44,"column":2},"end":{"line":44,"column":67}},"27":{"start":{"line":41,"column":13},"end":{"line":41,"column":28}},"28":{"start":{"line":47,"column":37},"end":{"line":64,"column":2}},"29":{"start":{"line":47,"column":75},"end":{"line":64,"column":2}},"30":{"start":{"line":48,"column":18},"end":{"line":53,"column":4}},"31":{"start":{"line":55,"column":17},"end":{"line":55,"column":41}},"32":{"start":{"line":57,"column":2},"end":{"line":63,"column":3}},"33":{"start":{"line":58,"column":4},"end":{"line":58,"column":58}},"34":{"start":{"line":59,"column":4},"end":{"line":59,"column":76}},"35":{"start":{"line":61,"column":4},"end":{"line":61,"column":58}},"36":{"start":{"line":62,"column":4},"end":{"line":62,"column":75}},"37":{"start":{"line":47,"column":13},"end":{"line":47,"column":37}}},"fnMap":{"0":{"name":"(anonymous_7)","decl":{"start":{"line":21,"column":27},"end":{"line":21,"column":34}},"loc":{"start":{"line":21,"column":65},"end":{"line":31,"column":2}}},"1":{"name":"(anonymous_8)","decl":{"start":{"line":21,"column":65},"end":{"line":21,"column":null}},"loc":{"start":{"line":21,"column":65},"end":{"line":31,"column":1}}},"2":{"name":"(anonymous_9)","decl":{"start":{"line":34,"column":29},"end":{"line":34,"column":36}},"loc":{"start":{"line":34,"column":67},"end":{"line":38,"column":2}}},"3":{"name":"(anonymous_10)","decl":{"start":{"line":34,"column":67},"end":{"line":34,"column":null}},"loc":{"start":{"line":34,"column":67},"end":{"line":38,"column":1}}},"4":{"name":"(anonymous_11)","decl":{"start":{"line":41,"column":28},"end":{"line":41,"column":35}},"loc":{"start":{"line":41,"column":66},"end":{"line":45,"column":2}}},"5":{"name":"(anonymous_12)","decl":{"start":{"line":41,"column":66},"end":{"line":41,"column":null}},"loc":{"start":{"line":41,"column":66},"end":{"line":45,"column":1}}},"6":{"name":"(anonymous_13)","decl":{"start":{"line":47,"column":37},"end":{"line":47,"column":44}},"loc":{"start":{"line":47,"column":75},"end":{"line":64,"column":2}}},"7":{"name":"(anonymous_14)","decl":{"start":{"line":47,"column":75},"end":{"line":47,"column":null}},"loc":{"start":{"line":47,"column":75},"end":{"line":64,"column":1}}}},"branchMap":{},"s":{"0":3,"1":3,"2":3,"3":3,"4":3,"5":3,"6":3,"7":3,"8":3,"9":3,"10":3,"11":2,"12":2,"13":2,"14":2,"15":3,"16":3,"17":2,"18":2,"19":2,"20":2,"21":3,"22":3,"23":1,"24":1,"25":1,"26":1,"27":3,"28":3,"29":2,"30":2,"31":2,"32":2,"33":2,"34":1,"35":1,"36":1,"37":3},"f":{"0":2,"1":2,"2":2,"3":2,"4":1,"5":1,"6":2,"7":2},"b":{}}
,"C:\\Users\\nacho\\OneDrive\\Escritorio\\API-Mesa-de-examen\\backend\\src\\Controladores\\Mesas.ts": {"path":"C:\\Users\\nacho\\OneDrive\\Escritorio\\API-Mesa-de-examen\\backend\\src\\Controladores\\Mesas.ts","statementMap":{"0":{"start":{"line":1,"column":0},"end":{"line":1,"column":52}},"1":{"start":{"line":2,"column":0},"end":{"line":2,"column":78}},"2":{"start":{"line":4,"column":0},"end":{"line":4,"column":61}},"3":{"start":{"line":6,"column":15},"end":{"line":6,"column":23}},"4":{"start":{"line":7,"column":17},"end":{"line":7,"column":37}},"5":{"start":{"line":9,"column":0},"end":{"line":32,"column":3}},"6":{"start":{"line":9,"column":70},"end":{"line":32,"column":2}},"7":{"start":{"line":10,"column":50},"end":{"line":10,"column":58}},"8":{"start":{"line":12,"column":2},"end":{"line":15,"column":3}},"9":{"start":{"line":13,"column":4},"end":{"line":13,"column":68}},"10":{"start":{"line":14,"column":4},"end":{"line":14,"column":11}},"11":{"start":{"line":17,"column":30},"end":{"line":22,"column":4}},"12":{"start":{"line":24,"column":2},"end":{"line":31,"column":3}},"13":{"start":{"line":25,"column":4},"end":{"line":25,"column":52}},"14":{"start":{"line":26,"column":4},"end":{"line":26,"column":57}},"15":{"start":{"line":27,"column":4},"end":{"line":27,"column":80}},"16":{"start":{"line":29,"column":4},"end":{"line":29,"column":67}},"17":{"start":{"line":30,"column":4},"end":{"line":30,"column":76}},"18":{"start":{"line":35,"column":0},"end":{"line":45,"column":3}},"19":{"start":{"line":35,"column":65},"end":{"line":45,"column":2}},"20":{"start":{"line":36,"column":25},"end":{"line":36,"column":35}},"21":{"start":{"line":38,"column":2},"end":{"line":44,"column":3}},"22":{"start":{"line":39,"column":18},"end":{"line":39,"column":76}},"23":{"start":{"line":40,"column":4},"end":{"line":40,"column":20}},"24":{"start":{"line":42,"column":4},"end":{"line":42,"column":52}},"25":{"start":{"line":43,"column":4},"end":{"line":43,"column":64}},"26":{"start":{"line":47,"column":0},"end":{"line":47,"column":22}}},"fnMap":{"0":{"name":"(anonymous_8)","decl":{"start":{"line":9,"column":17},"end":{"line":9,"column":24}},"loc":{"start":{"line":9,"column":70},"end":{"line":32,"column":2}}},"1":{"name":"(anonymous_9)","decl":{"start":{"line":9,"column":70},"end":{"line":9,"column":null}},"loc":{"start":{"line":9,"column":70},"end":{"line":32,"column":1}}},"2":{"name":"(anonymous_10)","decl":{"start":{"line":35,"column":27},"end":{"line":35,"column":34}},"loc":{"start":{"line":35,"column":65},"end":{"line":45,"column":2}}},"3":{"name":"(anonymous_11)","decl":{"start":{"line":35,"column":65},"end":{"line":35,"column":null}},"loc":{"start":{"line":35,"column":65},"end":{"line":45,"column":1}}}},"branchMap":{"0":{"loc":{"start":{"line":12,"column":2},"end":{"line":15,"column":3}},"type":"if","locations":[{"start":{"line":12,"column":2},"end":{"line":15,"column":3}}]},"1":{"loc":{"start":{"line":12,"column":6},"end":{"line":12,"column":51}},"type":"binary-expr","locations":[{"start":{"line":12,"column":6},"end":{"line":12,"column":15}},{"start":{"line":12,"column":19},"end":{"line":12,"column":27}},{"start":{"line":12,"column":31},"end":{"line":12,"column":37}},{"start":{"line":12,"column":41},"end":{"line":12,"column":51}}]},"2":{"loc":{"start":{"line":29,"column":42},"end":{"line":29,"column":65}},"type":"binary-expr","locations":[{"start":{"line":29,"column":42},"end":{"line":29,"column":56}},{"start":{"line":29,"column":60},"end":{"line":29,"column":65}}]},"3":{"loc":{"start":{"line":29,"column":42},"end":{"line":29,"column":56}},"type":"cond-expr","locations":[{"start":{"line":29,"column":47},"end":{"line":29,"column":49}},{"start":{"line":29,"column":42},"end":{"line":29,"column":56}}]},"4":{"loc":{"start":{"line":29,"column":42},"end":{"line":29,"column":49}},"type":"binary-expr","locations":[{"start":{"line":29,"column":42},"end":{"line":29,"column":49}},{"start":{"line":29,"column":42},"end":{"line":29,"column":49}}]}},"s":{"0":3,"1":3,"2":3,"3":3,"4":3,"5":3,"6":3,"7":3,"8":3,"9":1,"10":1,"11":2,"12":2,"13":2,"14":1,"15":1,"16":1,"17":1,"18":3,"19":2,"20":2,"21":2,"22":2,"23":1,"24":1,"25":1,"26":3},"f":{"0":3,"1":3,"2":2,"3":2},"b":{"0":[1],"1":[3,3,3,2],"2":[1,0],"3":[0,1],"4":[1,1]}}
,"C:\\Users\\nacho\\OneDrive\\Escritorio\\API-Mesa-de-examen\\backend\\src\\Servicios\\AuthService.ts": {"path":"C:\\Users\\nacho\\OneDrive\\Escritorio\\API-Mesa-de-examen\\backend\\src\\Servicios\\AuthService.ts","statementMap":{"0":{"start":{"line":1,"column":0},"end":{"line":1,"column":31}},"1":{"start":{"line":2,"column":0},"end":{"line":2,"column":39}},"2":{"start":{"line":4,"column":15},"end":{"line":4,"column":27}},"3":{"start":{"line":8,"column":24},"end":{"line":10,"column":null}},"4":{"start":{"line":13,"column":4},"end":{"line":13,"column":39}},"5":{"start":{"line":13,"column":27},"end":{"line":13,"column":39}},"6":{"start":{"line":15,"column":21},"end":{"line":15,"column":28}},"7":{"start":{"line":16,"column":18},"end":{"line":16,"column":119}},"8":{"start":{"line":18,"column":4},"end":{"line":22,"column":6}},"9":{"start":{"line":26,"column":4},"end":{"line":30,"column":5}},"10":{"start":{"line":27,"column":6},"end":{"line":27,"column":39}},"11":{"start":{"line":29,"column":6},"end":{"line":29,"column":18}},"12":{"start":{"line":6,"column":0},"end":{"line":6,"column":13}}},"fnMap":{"0":{"name":"(anonymous_8)","decl":{"start":{"line":7,"column":8},"end":{"line":7,"column":13}},"loc":{"start":{"line":7,"column":44},"end":{"line":23,"column":null}}},"1":{"name":"(anonymous_10)","decl":{"start":{"line":25,"column":2},"end":{"line":25,"column":11}},"loc":{"start":{"line":25,"column":25},"end":{"line":31,"column":3}}}},"branchMap":{"0":{"loc":{"start":{"line":13,"column":4},"end":{"line":13,"column":39}},"type":"if","locations":[{"start":{"line":13,"column":4},"end":{"line":13,"column":39}}]}},"s":{"0":4,"1":4,"2":4,"3":4,"4":4,"5":2,"6":2,"7":2,"8":2,"9":0,"10":0,"11":0,"12":4},"f":{"0":4,"1":0},"b":{"0":[2]}}
,"C:\\Users\\nacho\\OneDrive\\Escritorio\\API-Mesa-de-examen\\backend\\src\\Servicios\\MesaRepository.ts": {"path":"C:\\Users\\nacho\\OneDrive\\Escritorio\\API-Mesa-de-examen\\backend\\src\\Servicios\\MesaRepository.ts","statementMap":{"0":{"start":{"line":2,"column":0},"end":{"line":2,"column":39}},"1":{"start":{"line":3,"column":0},"end":{"line":3,"column":60}},"2":{"start":{"line":4,"column":0},"end":{"line":4,"column":59}},"3":{"start":{"line":6,"column":20},"end":{"line":6,"column":75}},"4":{"start":{"line":17,"column":55},"end":{"line":17,"column":59}},"5":{"start":{"line":19,"column":4},"end":{"line":23,"column":6}},"6":{"start":{"line":26,"column":4},"end":{"line":31,"column":7}},"7":{"start":{"line":35,"column":19},"end":{"line":37,"column":null}},"8":{"start":{"line":39,"column":4},"end":{"line":39,"column":25}},"9":{"start":{"line":8,"column":0},"end":{"line":8,"column":13}}},"fnMap":{"0":{"name":"(anonymous_8)","decl":{"start":{"line":9,"column":8},"end":{"line":9,"column":17}},"loc":{"start":{"line":16,"column":3},"end":{"line":32,"column":null}}},"1":{"name":"(anonymous_10)","decl":{"start":{"line":34,"column":8},"end":{"line":34,"column":31}},"loc":{"start":{"line":34,"column":50},"end":{"line":40,"column":null}}}},"branchMap":{},"s":{"0":5,"1":5,"2":5,"3":5,"4":3,"5":3,"6":2,"7":0,"8":0,"9":5},"f":{"0":3,"1":0},"b":{}}
,"C:\\Users\\nacho\\OneDrive\\Escritorio\\API-Mesa-de-examen\\backend\\src\\Servicios\\NotificacionService.ts": {"path":"C:\\Users\\nacho\\OneDrive\\Escritorio\\API-Mesa-de-examen\\backend\\src\\Servicios\\NotificacionService.ts","statementMap":{"0":{"start":{"line":7,"column":4},"end":{"line":7,"column":33}},"1":{"start":{"line":11,"column":4},"end":{"line":11,"column":33}},"2":{"start":{"line":15,"column":23},"end":{"line":15,"column":61}},"3":{"start":{"line":17,"column":4},"end":{"line":20,"column":5}},"4":{"start":{"line":18,"column":6},"end":{"line":18,"column":101}},"5":{"start":{"line":19,"column":6},"end":{"line":19,"column":13}},"6":{"start":{"line":23,"column":20},"end":{"line":28,"column":6}},"7":{"start":{"line":29,"column":4},"end":{"line":29,"column":66}},"8":{"start":{"line":3,"column":0},"end":{"line":3,"column":13}}},"fnMap":{"0":{"name":"(anonymous_7)","decl":{"start":{"line":6,"column":2},"end":{"line":6,"column":14}},"loc":{"start":{"line":6,"column":47},"end":{"line":8,"column":3}}},"1":{"name":"(anonymous_8)","decl":{"start":{"line":10,"column":2},"end":{"line":10,"column":15}},"loc":{"start":{"line":10,"column":49},"end":{"line":12,"column":3}}},"2":{"name":"(anonymous_9)","decl":{"start":{"line":14,"column":8},"end":{"line":14,"column":26}},"loc":{"start":{"line":14,"column":55},"end":{"line":30,"column":null}}}},"branchMap":{"0":{"loc":{"start":{"line":15,"column":23},"end":{"line":15,"column":61}},"type":"binary-expr","locations":[{"start":{"line":15,"column":23},"end":{"line":15,"column":39}},{"start":{"line":15,"column":43},"end":{"line":15,"column":61}}]},"1":{"loc":{"start":{"line":17,"column":4},"end":{"line":20,"column":5}},"type":"if","locations":[{"start":{"line":17,"column":4},"end":{"line":20,"column":5}}]},"2":{"loc":{"start":{"line":25,"column":15},"end":{"line":25,"column":47}},"type":"binary-expr","locations":[{"start":{"line":25,"column":15},"end":{"line":25,"column":30}},{"start":{"line":25,"column":34},"end":{"line":25,"column":47}}]},"3":{"loc":{"start":{"line":26,"column":13},"end":{"line":26,"column":41}},"type":"binary-expr","locations":[{"start":{"line":26,"column":13},"end":{"line":26,"column":26}},{"start":{"line":26,"column":30},"end":{"line":26,"column":41}}]},"4":{"loc":{"start":{"line":27,"column":17},"end":{"line":27,"column":53}},"type":"binary-expr","locations":[{"start":{"line":27,"column":17},"end":{"line":27,"column":34}},{"start":{"line":27,"column":38},"end":{"line":27,"column":53}}]}},"s":{"0":6,"1":0,"2":2,"3":2,"4":1,"5":1,"6":1,"7":1,"8":5},"f":{"0":6,"1":0,"2":2},"b":{"0":[2,1],"1":[1],"2":[1,1],"3":[1,1],"4":[1,1]}}
,"C:\\Users\\nacho\\OneDrive\\Escritorio\\API-Mesa-de-examen\\backend\\src\\Servicios\\NotificacionesPushObserver.ts": {"path":"C:\\Users\\nacho\\OneDrive\\Escritorio\\API-Mesa-de-examen\\backend\\src\\Servicios\\NotificacionesPushObserver.ts","statementMap":{"0":{"start":{"line":4,"column":0},"end":{"line":4,"column":62}},"1":{"start":{"line":15,"column":32},"end":{"line":15,"column":54}},"2":{"start":{"line":16,"column":0},"end":{"line":16,"column":39}}},"fnMap":{},"branchMap":{},"s":{"0":6,"1":6,"2":6},"f":{},"b":{}}
,"C:\\Users\\nacho\\OneDrive\\Escritorio\\API-Mesa-de-examen\\backend\\src\\Servicios\\NotificadorMesasObserver.ts": {"path":"C:\\Users\\nacho\\OneDrive\\Escritorio\\API-Mesa-de-examen\\backend\\src\\Servicios\\NotificadorMesasObserver.ts","statementMap":{"0":{"start":{"line":5,"column":0},"end":{"line":5,"column":60}},"1":{"start":{"line":9,"column":10},"end":{"line":9,"column":37}},"2":{"start":{"line":13,"column":4},"end":{"line":13,"column":34}},"3":{"start":{"line":14,"column":4},"end":{"line":14,"column":93}},"4":{"start":{"line":19,"column":4},"end":{"line":19,"column":70}},"5":{"start":{"line":19,"column":52},"end":{"line":19,"column":68}},"6":{"start":{"line":20,"column":4},"end":{"line":20,"column":98}},"7":{"start":{"line":25,"column":4},"end":{"line":28,"column":5}},"8":{"start":{"line":26,"column":6},"end":{"line":26,"column":70}},"9":{"start":{"line":27,"column":6},"end":{"line":27,"column":13}},"10":{"start":{"line":30,"column":4},"end":{"line":30,"column":75}},"11":{"start":{"line":32,"column":4},"end":{"line":35,"column":7}},"12":{"start":{"line":33,"column":6},"end":{"line":33,"column":57}},"13":{"start":{"line":34,"column":6},"end":{"line":34,"column":28}},"14":{"start":{"line":40,"column":23},"end":{"line":40,"column":56}},"15":{"start":{"line":41,"column":4},"end":{"line":41,"column":28}},"16":{"start":{"line":43,"column":21},"end":{"line":43,"column":63}},"17":{"start":{"line":44,"column":4},"end":{"line":44,"column":57}},"18":{"start":{"line":8,"column":0},"end":{"line":8,"column":13}}},"fnMap":{"0":{"name":"(anonymous_0)","decl":{"start":{"line":8,"column":0},"end":{"line":8,"column":13}},"loc":{"start":{"line":8,"column":0},"end":{"line":46,"column":1}}},"1":{"name":"(anonymous_1)","decl":{"start":{"line":12,"column":2},"end":{"line":12,"column":8}},"loc":{"start":{"line":12,"column":27},"end":{"line":15,"column":3}}},"2":{"name":"(anonymous_2)","decl":{"start":{"line":18,"column":2},"end":{"line":18,"column":8}},"loc":{"start":{"line":18,"column":27},"end":{"line":21,"column":3}}},"3":{"name":"(anonymous_3)","decl":{"start":{"line":19,"column":43},"end":{"line":19,"column":44}},"loc":{"start":{"line":19,"column":52},"end":{"line":19,"column":68}}},"4":{"name":"(anonymous_4)","decl":{"start":{"line":24,"column":2},"end":{"line":24,"column":8}},"loc":{"start":{"line":24,"column":23},"end":{"line":36,"column":3}}},"5":{"name":"(anonymous_5)","decl":{"start":{"line":32,"column":27},"end":{"line":32,"column":28}},"loc":{"start":{"line":32,"column":47},"end":{"line":35,"column":5}}},"6":{"name":"(anonymous_6)","decl":{"start":{"line":39,"column":2},"end":{"line":39,"column":20}},"loc":{"start":{"line":39,"column":38},"end":{"line":45,"column":3}}}},"branchMap":{"0":{"loc":{"start":{"line":25,"column":4},"end":{"line":28,"column":5}},"type":"if","locations":[{"start":{"line":25,"column":4},"end":{"line":28,"column":5}}]},"1":{"loc":{"start":{"line":43,"column":21},"end":{"line":43,"column":63}},"type":"binary-expr","locations":[{"start":{"line":43,"column":21},"end":{"line":43,"column":43}},{"start":{"line":43,"column":47},"end":{"line":43,"column":63}}]},"2":{"loc":{"start":{"line":43,"column":21},"end":{"line":43,"column":43}},"type":"cond-expr","locations":[{"start":{"line":43,"column":33},"end":{"line":43,"column":35}},{"start":{"line":43,"column":21},"end":{"line":43,"column":43}}]},"3":{"loc":{"start":{"line":43,"column":21},"end":{"line":43,"column":35}},"type":"binary-expr","locations":[{"start":{"line":43,"column":21},"end":{"line":43,"column":35}},{"start":{"line":43,"column":21},"end":{"line":43,"column":35}}]}},"s":{"0":7,"1":8,"2":2,"3":2,"4":1,"5":1,"6":1,"7":2,"8":1,"9":1,"10":1,"11":1,"12":1,"13":1,"14":0,"15":0,"16":0,"17":0,"18":7},"f":{"0":8,"1":2,"2":1,"3":1,"4":2,"5":1,"6":0},"b":{"0":[1],"1":[0,0],"2":[0,0],"3":[0,0]}}
,"C:\\Users\\nacho\\OneDrive\\Escritorio\\API-Mesa-de-examen\\backend\\src\\Servicios\\PushStrategyA.ts": {"path":"C:\\Users\\nacho\\OneDrive\\Escritorio\\API-Mesa-de-examen\\backend\\src\\Servicios\\PushStrategyA.ts","statementMap":{"0":{"start":{"line":4,"column":0},"end":{"line":4,"column":81}},"1":{"start":{"line":11,"column":4},"end":{"line":26,"column":5}},"2":{"start":{"line":12,"column":21},"end":{"line":12,"column":55}},"3":{"start":{"line":13,"column":6},"end":{"line":18,"column":8}},"4":{"start":{"line":20,"column":6},"end":{"line":25,"column":8}},"5":{"start":{"line":29,"column":4},"end":{"line":29,"column":41}},"6":{"start":{"line":6,"column":0},"end":{"line":6,"column":13}}},"fnMap":{"0":{"name":"(anonymous_8)","decl":{"start":{"line":7,"column":8},"end":{"line":7,"column":26}},"loc":{"start":{"line":7,"column":62},"end":{"line":30,"column":null}}}},"branchMap":{"0":{"loc":{"start":{"line":15,"column":17},"end":{"line":15,"column":60}},"type":"binary-expr","locations":[{"start":{"line":15,"column":17},"end":{"line":15,"column":31}},{"start":{"line":15,"column":35},"end":{"line":15,"column":60}}]},"1":{"loc":{"start":{"line":16,"column":15},"end":{"line":16,"column":55}},"type":"binary-expr","locations":[{"start":{"line":16,"column":15},"end":{"line":16,"column":27}},{"start":{"line":16,"column":31},"end":{"line":16,"column":55}}]},"2":{"loc":{"start":{"line":17,"column":19},"end":{"line":17,"column":54}},"type":"binary-expr","locations":[{"start":{"line":17,"column":19},"end":{"line":17,"column":35}},{"start":{"line":17,"column":39},"end":{"line":17,"column":54}}]}},"s":{"0":8,"1":1,"2":1,"3":0,"4":1,"5":1,"6":8},"f":{"0":1},"b":{"0":[0,0],"1":[0,0],"2":[0,0]}}
,"C:\\Users\\nacho\\OneDrive\\Escritorio\\API-Mesa-de-examen\\backend\\src\\Servicios\\PushSuscripcionObserver.ts": {"path":"C:\\Users\\nacho\\OneDrive\\Escritorio\\API-Mesa-de-examen\\backend\\src\\Servicios\\PushSuscripcionObserver.ts","statementMap":{"0":{"start":{"line":6,"column":0},"end":{"line":6,"column":59}},"1":{"start":{"line":8,"column":16},"end":{"line":8,"column":56}},"2":{"start":{"line":11,"column":22},"end":{"line":11,"column":39}},"3":{"start":{"line":14,"column":20},"end":{"line":17,"column":6}},"4":{"start":{"line":19,"column":4},"end":{"line":31,"column":5}},"5":{"start":{"line":20,"column":6},"end":{"line":20,"column":98}},"6":{"start":{"line":22,"column":6},"end":{"line":25,"column":7}},"7":{"start":{"line":23,"column":8},"end":{"line":23,"column":49}},"8":{"start":{"line":24,"column":8},"end":{"line":24,"column":15}},"9":{"start":{"line":27,"column":6},"end":{"line":27,"column":65}},"10":{"start":{"line":28,"column":6},"end":{"line":28,"column":59}},"11":{"start":{"line":30,"column":6},"end":{"line":30,"column":83}},"12":{"start":{"line":10,"column":0},"end":{"line":10,"column":13}}},"fnMap":{"0":{"name":"(anonymous_8)","decl":{"start":{"line":11,"column":2},"end":{"line":11,"column":22}},"loc":{"start":{"line":11,"column":39},"end":{"line":11,"column":43}}},"1":{"name":"(anonymous_9)","decl":{"start":{"line":13,"column":8},"end":{"line":13,"column":14}},"loc":{"start":{"line":13,"column":29},"end":{"line":32,"column":null}}}},"branchMap":{"0":{"loc":{"start":{"line":20,"column":49},"end":{"line":20,"column":96}},"type":"binary-expr","locations":[{"start":{"line":20,"column":49},"end":{"line":20,"column":76}},{"start":{"line":20,"column":80},"end":{"line":20,"column":96}}]},"1":{"loc":{"start":{"line":20,"column":49},"end":{"line":20,"column":76}},"type":"cond-expr","locations":[{"start":{"line":20,"column":66},"end":{"line":20,"column":68}},{"start":{"line":20,"column":66},"end":{"line":20,"column":76}}]},"2":{"loc":{"start":{"line":20,"column":49},"end":{"line":20,"column":68}},"type":"binary-expr","locations":[{"start":{"line":20,"column":49},"end":{"line":20,"column":68}},{"start":{"line":20,"column":66},"end":{"line":20,"column":68}}]},"3":{"loc":{"start":{"line":22,"column":6},"end":{"line":25,"column":7}},"type":"if","locations":[{"start":{"line":22,"column":6},"end":{"line":25,"column":7}}]},"4":{"loc":{"start":{"line":22,"column":10},"end":{"line":22,"column":59}},"type":"binary-expr","locations":[{"start":{"line":22,"column":10},"end":{"line":22,"column":28}},{"start":{"line":22,"column":32},"end":{"line":22,"column":59}}]},"5":{"loc":{"start":{"line":30,"column":58},"end":{"line":30,"column":81}},"type":"binary-expr","locations":[{"start":{"line":30,"column":58},"end":{"line":30,"column":72}},{"start":{"line":30,"column":76},"end":{"line":30,"column":81}}]},"6":{"loc":{"start":{"line":30,"column":58},"end":{"line":30,"column":72}},"type":"cond-expr","locations":[{"start":{"line":30,"column":63},"end":{"line":30,"column":65}},{"start":{"line":30,"column":58},"end":{"line":30,"column":72}}]},"7":{"loc":{"start":{"line":30,"column":58},"end":{"line":30,"column":65}},"type":"binary-expr","locations":[{"start":{"line":30,"column":58},"end":{"line":30,"column":65}},{"start":{"line":30,"column":58},"end":{"line":30,"column":65}}]}},"s":{"0":8,"1":8,"2":1,"3":1,"4":1,"5":1,"6":1,"7":0,"8":0,"9":1,"10":1,"11":0,"12":8},"f":{"0":1,"1":1},"b":{"0":[1,0],"1":[0,1],"2":[1,1],"3":[0],"4":[1,1],"5":[0,0],"6":[0,0],"7":[0,0]}}
,"C:\\Users\\nacho\\OneDrive\\Escritorio\\API-Mesa-de-examen\\backend\\src\\Servicios\\RespuestaProfesorService.ts": {"path":"C:\\Users\\nacho\\OneDrive\\Escritorio\\API-Mesa-de-examen\\backend\\src\\Servicios\\RespuestaProfesorService.ts","statementMap":{"0":{"start":{"line":10,"column":10},"end":{"line":10,"column":39}},"1":{"start":{"line":13,"column":4},"end":{"line":13,"column":45}},"2":{"start":{"line":17,"column":4},"end":{"line":17,"column":46}},"3":{"start":{"line":21,"column":18},"end":{"line":22,"column":null}},"4":{"start":{"line":22,"column":13},"end":{"line":22,"column":63}},"5":{"start":{"line":24,"column":4},"end":{"line":28,"column":5}},"6":{"start":{"line":25,"column":6},"end":{"line":25,"column":45}},"7":{"start":{"line":27,"column":6},"end":{"line":27,"column":59}},"8":{"start":{"line":32,"column":4},"end":{"line":34,"column":14}},"9":{"start":{"line":33,"column":13},"end":{"line":33,"column":63}},"10":{"start":{"line":9,"column":0},"end":{"line":9,"column":13}}},"fnMap":{"0":{"name":"(anonymous_0)","decl":{"start":{"line":9,"column":0},"end":{"line":9,"column":13}},"loc":{"start":{"line":9,"column":0},"end":{"line":36,"column":1}}},"1":{"name":"(anonymous_1)","decl":{"start":{"line":12,"column":2},"end":{"line":12,"column":11}},"loc":{"start":{"line":12,"column":46},"end":{"line":14,"column":3}}},"2":{"name":"(anonymous_2)","decl":{"start":{"line":16,"column":2},"end":{"line":16,"column":10}},"loc":{"start":{"line":16,"column":45},"end":{"line":18,"column":3}}},"3":{"name":"(anonymous_3)","decl":{"start":{"line":20,"column":10},"end":{"line":20,"column":19}},"loc":{"start":{"line":20,"column":71},"end":{"line":29,"column":3}}},"4":{"name":"(anonymous_4)","decl":{"start":{"line":22,"column":6},"end":{"line":22,"column":7}},"loc":{"start":{"line":22,"column":13},"end":{"line":22,"column":63}}},"5":{"name":"(anonymous_5)","decl":{"start":{"line":31,"column":2},"end":{"line":31,"column":9}},"loc":{"start":{"line":31,"column":44},"end":{"line":35,"column":3}}},"6":{"name":"(anonymous_6)","decl":{"start":{"line":33,"column":6},"end":{"line":33,"column":7}},"loc":{"start":{"line":33,"column":13},"end":{"line":33,"column":63}}}},"branchMap":{"0":{"loc":{"start":{"line":22,"column":13},"end":{"line":22,"column":63}},"type":"binary-expr","locations":[{"start":{"line":22,"column":13},"end":{"line":22,"column":40}},{"start":{"line":22,"column":44},"end":{"line":22,"column":63}}]},"1":{"loc":{"start":{"line":24,"column":4},"end":{"line":28,"column":5}},"type":"if","locations":[{"start":{"line":24,"column":4},"end":{"line":28,"column":5}},{"start":{"line":26,"column":11},"end":{"line":28,"column":5}}]},"2":{"loc":{"start":{"line":32,"column":11},"end":{"line":34,"column":13}},"type":"cond-expr","locations":[{"start":{"line":34,"column":5},"end":{"line":34,"column":7}},{"start":{"line":34,"column":5},"end":{"line":34,"column":13}}]},"3":{"loc":{"start":{"line":32,"column":11},"end":{"line":34,"column":7}},"type":"binary-expr","locations":[{"start":{"line":32,"column":11},"end":{"line":34,"column":7}},{"start":{"line":34,"column":5},"end":{"line":34,"column":7}}]},"4":{"loc":{"start":{"line":33,"column":13},"end":{"line":33,"column":63}},"type":"binary-expr","locations":[{"start":{"line":33,"column":13},"end":{"line":33,"column":40}},{"start":{"line":33,"column":44},"end":{"line":33,"column":63}}]}},"s":{"0":3,"1":2,"2":2,"3":4,"4":2,"5":4,"6":1,"7":3,"8":2,"9":3,"10":4},"f":{"0":3,"1":2,"2":2,"3":4,"4":2,"5":2,"6":3},"b":{"0":[2,1],"1":[1,3],"2":[0,2],"3":[2,2],"4":[3,2]}}
,"C:\\Users\\nacho\\OneDrive\\Escritorio\\API-Mesa-de-examen\\backend\\src\\Servicios\\SistemaExamenFacade.ts": {"path":"C:\\Users\\nacho\\OneDrive\\Escritorio\\API-Mesa-de-examen\\backend\\src\\Servicios\\SistemaExamenFacade.ts","statementMap":{"0":{"start":{"line":18,"column":4},"end":{"line":18,"column":29}},"1":{"start":{"line":19,"column":4},"end":{"line":19,"column":45}},"2":{"start":{"line":20,"column":4},"end":{"line":20,"column":35}},"3":{"start":{"line":29,"column":4},"end":{"line":29,"column":40}},"4":{"start":{"line":30,"column":4},"end":{"line":30,"column":73}},"5":{"start":{"line":34,"column":4},"end":{"line":34,"column":56}},"6":{"start":{"line":35,"column":4},"end":{"line":35,"column":83}},"7":{"start":{"line":39,"column":4},"end":{"line":39,"column":55}},"8":{"start":{"line":40,"column":4},"end":{"line":40,"column":82}},"9":{"start":{"line":7,"column":0},"end":{"line":7,"column":13}}},"fnMap":{"0":{"name":"(anonymous_7)","decl":{"start":{"line":13,"column":2},"end":{"line":13,"column":null}},"loc":{"start":{"line":16,"column":36},"end":{"line":21,"column":3}}},"1":{"name":"(anonymous_8)","decl":{"start":{"line":23,"column":15},"end":{"line":23,"column":26}},"loc":{"start":{"line":28,"column":3},"end":{"line":31,"column":null}}},"2":{"name":"(anonymous_10)","decl":{"start":{"line":33,"column":9},"end":{"line":33,"column":22}},"loc":{"start":{"line":33,"column":57},"end":{"line":36,"column":3}}},"3":{"name":"(anonymous_11)","decl":{"start":{"line":38,"column":9},"end":{"line":38,"column":21}},"loc":{"start":{"line":38,"column":56},"end":{"line":41,"column":3}}}},"branchMap":{},"s":{"0":3,"1":3,"2":3,"3":2,"4":2,"5":2,"6":2,"7":2,"8":2,"9":4},"f":{"0":3,"1":2,"2":2,"3":2},"b":{}}
}
