{"C:\\Users\\nacho\\OneDrive\\Escritorio\\API-Mesa-de-examen\\backend\\src\\App.ts": {"path":"C:\\Users\\nacho\\OneDrive\\Escritorio\\API-Mesa-de-examen\\backend\\src\\App.ts","statementMap":{"0":{"start":{"line":1,"column":0},"end":{"line":1,"column":30}},"1":{"start":{"line":2,"column":0},"end":{"line":2,"column":28}},"2":{"start":{"line":3,"column":0},"end":{"line":3,"column":51}},"3":{"start":{"line":4,"column":0},"end":{"line":4,"column":38}},"4":{"start":{"line":5,"column":0},"end":{"line":5,"column":24}},"5":{"start":{"line":9,"column":2},"end":{"line":14,"column":3}},"6":{"start":{"line":10,"column":19},"end":{"line":10,"column":47}},"7":{"start":{"line":11,"column":4},"end":{"line":11,"column":56}},"8":{"start":{"line":13,"column":4},"end":{"line":13,"column":68}},"9":{"start":{"line":17,"column":0},"end":{"line":17,"column":19}},"10":{"start":{"line":19,"column":12},"end":{"line":19,"column":21}},"11":{"start":{"line":20,"column":0},"end":{"line":20,"column":16}},"12":{"start":{"line":21,"column":0},"end":{"line":21,"column":24}},"13":{"start":{"line":22,"column":0},"end":{"line":22,"column":48}},"14":{"start":{"line":23,"column":0},"end":{"line":23,"column":23}},"15":{"start":{"line":24,"column":0},"end":{"line":24,"column":37}},"16":{"start":{"line":26,"column":0},"end":{"line":26,"column":19}}},"fnMap":{"0":{"name":"testDBConnection","decl":{"start":{"line":8,"column":15},"end":{"line":8,"column":31}},"loc":{"start":{"line":8,"column":31},"end":{"line":15,"column":null}}}},"branchMap":{},"s":{"0":2,"1":2,"2":2,"3":2,"4":2,"5":2,"6":2,"7":1,"8":0,"9":2,"10":2,"11":2,"12":2,"13":2,"14":2,"15":2,"16":2},"f":{"0":2},"b":{}}
,"C:\\Users\\nacho\\OneDrive\\Escritorio\\API-Mesa-de-examen\\backend\\src\\rutas.ts": {"path":"C:\\Users\\nacho\\OneDrive\\Escritorio\\API-Mesa-de-examen\\backend\\src\\rutas.ts","statementMap":{"0":{"start":{"line":1,"column":0},"end":{"line":1,"column":33}},"1":{"start":{"line":2,"column":0},"end":{"line":2,"column":55}},"2":{"start":{"line":3,"column":0},"end":{"line":3,"column":null}},"3":{"start":{"line":9,"column":0},"end":{"line":9,"column":52}},"4":{"start":{"line":12,"column":15},"end":{"line":12,"column":23}},"5":{"start":{"line":13,"column":0},"end":{"line":13,"column":29}},"6":{"start":{"line":14,"column":0},"end":{"line":14,"column":61}},"7":{"start":{"line":15,"column":0},"end":{"line":15,"column":43}},"8":{"start":{"line":16,"column":0},"end":{"line":16,"column":43}},"9":{"start":{"line":17,"column":0},"end":{"line":17,"column":41}},"10":{"start":{"line":18,"column":0},"end":{"line":18,"column":52}},"11":{"start":{"line":19,"column":0},"end":{"line":19,"column":22}}},"fnMap":{},"branchMap":{},"s":{"0":3,"1":3,"2":3,"3":3,"4":3,"5":3,"6":3,"7":3,"8":3,"9":3,"10":3,"11":3},"f":{},"b":{}}
,"C:\\Users\\nacho\\OneDrive\\Escritorio\\API-Mesa-de-examen\\backend\\src\\subscripciones.ts": {"path":"C:\\Users\\nacho\\OneDrive\\Escritorio\\API-Mesa-de-examen\\backend\\src\\subscripciones.ts","statementMap":{"0":{"start":{"line":1,"column":0},"end":{"line":1,"column":52}},"1":{"start":{"line":2,"column":0},"end":{"line":2,"column":77}},"2":{"start":{"line":3,"column":0},"end":{"line":3,"column":70}},"3":{"start":{"line":4,"column":0},"end":{"line":4,"column":69}},"4":{"start":{"line":6,"column":13},"end":{"line":6,"column":40}},"5":{"start":{"line":7,"column":15},"end":{"line":7,"column":23}},"6":{"start":{"line":10,"column":19},"end":{"line":10,"column":49}},"7":{"start":{"line":11,"column":20},"end":{"line":11,"column":55}},"8":{"start":{"line":13,"column":0},"end":{"line":17,"column":3}},"9":{"start":{"line":14,"column":22},"end":{"line":14,"column":30}},"10":{"start":{"line":15,"column":2},"end":{"line":15,"column":58}},"11":{"start":{"line":16,"column":2},"end":{"line":16,"column":62}},"12":{"start":{"line":20,"column":0},"end":{"line":39,"column":3}},"13":{"start":{"line":20,"column":64},"end":{"line":39,"column":2}},"14":{"start":{"line":21,"column":50},"end":{"line":21,"column":58}},"15":{"start":{"line":23,"column":18},"end":{"line":28,"column":4}},"16":{"start":{"line":30,"column":17},"end":{"line":30,"column":38}},"17":{"start":{"line":32,"column":2},"end":{"line":38,"column":3}},"18":{"start":{"line":33,"column":4},"end":{"line":33,"column":58}},"19":{"start":{"line":34,"column":4},"end":{"line":34,"column":77}},"20":{"start":{"line":36,"column":4},"end":{"line":36,"column":58}},"21":{"start":{"line":37,"column":4},"end":{"line":37,"column":75}},"22":{"start":{"line":41,"column":0},"end":{"line":41,"column":22}}},"fnMap":{"0":{"name":"(anonymous_8)","decl":{"start":{"line":13,"column":17},"end":{"line":13,"column":18}},"loc":{"start":{"line":13,"column":49},"end":{"line":17,"column":1}}},"1":{"name":"(anonymous_9)","decl":{"start":{"line":20,"column":26},"end":{"line":20,"column":33}},"loc":{"start":{"line":20,"column":64},"end":{"line":39,"column":2}}},"2":{"name":"(anonymous_10)","decl":{"start":{"line":20,"column":64},"end":{"line":20,"column":null}},"loc":{"start":{"line":20,"column":64},"end":{"line":39,"column":1}}}},"branchMap":{},"s":{"0":4,"1":4,"2":4,"3":4,"4":4,"5":4,"6":4,"7":4,"8":4,"9":1,"10":1,"11":1,"12":4,"13":2,"14":2,"15":2,"16":2,"17":2,"18":2,"19":0,"20":2,"21":2,"22":4},"f":{"0":1,"1":2,"2":2},"b":{}}
,"C:\\Users\\nacho\\OneDrive\\Escritorio\\API-Mesa-de-examen\\backend\\src\\Configuracion\\db.ts": {"path":"C:\\Users\\nacho\\OneDrive\\Escritorio\\API-Mesa-de-examen\\backend\\src\\Configuracion\\db.ts","statementMap":{"0":{"start":{"line":1,"column":0},"end":{"line":1,"column":35}},"1":{"start":{"line":3,"column":13},"end":{"line":10,"column":2}},"2":{"start":{"line":12,"column":0},"end":{"line":12,"column":20}}},"fnMap":{},"branchMap":{},"s":{"0":2,"1":2,"2":2},"f":{},"b":{}}
,"C:\\Users\\nacho\\OneDrive\\Escritorio\\API-Mesa-de-examen\\backend\\src\\Controladores\\AuthController.ts": {"path":"C:\\Users\\nacho\\OneDrive\\Escritorio\\API-Mesa-de-examen\\backend\\src\\Controladores\\AuthController.ts","statementMap":{"0":{"start":{"line":3,"column":0},"end":{"line":3,"column":55}},"1":{"start":{"line":5,"column":20},"end":{"line":5,"column":37}},"2":{"start":{"line":7,"column":21},"end":{"line":17,"column":1}},"3":{"start":{"line":8,"column":30},"end":{"line":8,"column":38}},"4":{"start":{"line":9,"column":16},"end":{"line":9,"column":50}},"5":{"start":{"line":11,"column":2},"end":{"line":14,"column":3}},"6":{"start":{"line":12,"column":4},"end":{"line":12,"column":64}},"7":{"start":{"line":13,"column":4},"end":{"line":13,"column":11}},"8":{"start":{"line":16,"column":2},"end":{"line":16,"column":22}},"9":{"start":{"line":7,"column":13},"end":{"line":7,"column":21}}},"fnMap":{"0":{"name":"(anonymous_0)","decl":{"start":{"line":7,"column":21},"end":{"line":7,"column":22}},"loc":{"start":{"line":7,"column":59},"end":{"line":17,"column":1}}}},"branchMap":{"0":{"loc":{"start":{"line":11,"column":2},"end":{"line":14,"column":3}},"type":"if","locations":[{"start":{"line":11,"column":2},"end":{"line":14,"column":3}}]}},"s":{"0":4,"1":4,"2":4,"3":2,"4":2,"5":2,"6":1,"7":1,"8":1,"9":4},"f":{"0":2},"b":{"0":[1]}}
,"C:\\Users\\nacho\\OneDrive\\Escritorio\\API-Mesa-de-examen\\backend\\src\\Controladores\\GestiondeMesas.ts": {"path":"C:\\Users\\nacho\\OneDrive\\Escritorio\\API-Mesa-de-examen\\backend\\src\\Controladores\\GestiondeMesas.ts","statementMap":{"0":{"start":{"line":2,"column":0},"end":{"line":2,"column":71}},"1":{"start":{"line":4,"column":0},"end":{"line":4,"column":61}},"2":{"start":{"line":5,"column":0},"end":{"line":5,"column":81}},"3":{"start":{"line":6,"column":0},"end":{"line":6,"column":71}},"4":{"start":{"line":7,"column":0},"end":{"line":7,"column":70}},"5":{"start":{"line":10,"column":17},"end":{"line":10,"column":37}},"6":{"start":{"line":11,"column":25},"end":{"line":11,"column":55}},"7":{"start":{"line":12,"column":19},"end":{"line":12,"column":49}},"8":{"start":{"line":13,"column":20},"end":{"line":13,"column":55}},"9":{"start":{"line":16,"column":15},"end":{"line":16,"column":79}},"10":{"start":{"line":19,"column":27},"end":{"line":30,"column":2}},"11":{"start":{"line":19,"column":65},"end":{"line":30,"column":2}},"12":{"start":{"line":26,"column":6},"end":{"line":26,"column":14}},"13":{"start":{"line":28,"column":2},"end":{"line":28,"column":33}},"14":{"start":{"line":29,"column":2},"end":{"line":29,"column":81}},"15":{"start":{"line":19,"column":13},"end":{"line":19,"column":27}},"16":{"start":{"line":33,"column":29},"end":{"line":37,"column":2}},"17":{"start":{"line":33,"column":67},"end":{"line":37,"column":2}},"18":{"start":{"line":34,"column":33},"end":{"line":34,"column":41}},"19":{"start":{"line":35,"column":2},"end":{"line":35,"column":49}},"20":{"start":{"line":36,"column":2},"end":{"line":36,"column":65}},"21":{"start":{"line":33,"column":13},"end":{"line":33,"column":29}},"22":{"start":{"line":40,"column":28},"end":{"line":44,"column":2}},"23":{"start":{"line":40,"column":66},"end":{"line":44,"column":2}},"24":{"start":{"line":41,"column":33},"end":{"line":41,"column":41}},"25":{"start":{"line":42,"column":2},"end":{"line":42,"column":48}},"26":{"start":{"line":43,"column":2},"end":{"line":43,"column":67}},"27":{"start":{"line":40,"column":13},"end":{"line":40,"column":28}},"28":{"start":{"line":46,"column":37},"end":{"line":63,"column":2}},"29":{"start":{"line":46,"column":75},"end":{"line":63,"column":2}},"30":{"start":{"line":47,"column":18},"end":{"line":52,"column":4}},"31":{"start":{"line":54,"column":17},"end":{"line":54,"column":41}},"32":{"start":{"line":56,"column":2},"end":{"line":62,"column":3}},"33":{"start":{"line":57,"column":4},"end":{"line":57,"column":58}},"34":{"start":{"line":58,"column":4},"end":{"line":58,"column":76}},"35":{"start":{"line":60,"column":4},"end":{"line":60,"column":58}},"36":{"start":{"line":61,"column":4},"end":{"line":61,"column":75}},"37":{"start":{"line":46,"column":13},"end":{"line":46,"column":37}}},"fnMap":{"0":{"name":"(anonymous_7)","decl":{"start":{"line":19,"column":27},"end":{"line":19,"column":34}},"loc":{"start":{"line":19,"column":65},"end":{"line":30,"column":2}}},"1":{"name":"(anonymous_8)","decl":{"start":{"line":19,"column":65},"end":{"line":19,"column":null}},"loc":{"start":{"line":19,"column":65},"end":{"line":30,"column":1}}},"2":{"name":"(anonymous_9)","decl":{"start":{"line":33,"column":29},"end":{"line":33,"column":36}},"loc":{"start":{"line":33,"column":67},"end":{"line":37,"column":2}}},"3":{"name":"(anonymous_10)","decl":{"start":{"line":33,"column":67},"end":{"line":33,"column":null}},"loc":{"start":{"line":33,"column":67},"end":{"line":37,"column":1}}},"4":{"name":"(anonymous_11)","decl":{"start":{"line":40,"column":28},"end":{"line":40,"column":35}},"loc":{"start":{"line":40,"column":66},"end":{"line":44,"column":2}}},"5":{"name":"(anonymous_12)","decl":{"start":{"line":40,"column":66},"end":{"line":40,"column":null}},"loc":{"start":{"line":40,"column":66},"end":{"line":44,"column":1}}},"6":{"name":"(anonymous_13)","decl":{"start":{"line":46,"column":37},"end":{"line":46,"column":44}},"loc":{"start":{"line":46,"column":75},"end":{"line":63,"column":2}}},"7":{"name":"(anonymous_14)","decl":{"start":{"line":46,"column":75},"end":{"line":46,"column":null}},"loc":{"start":{"line":46,"column":75},"end":{"line":63,"column":1}}}},"branchMap":{},"s":{"0":3,"1":3,"2":3,"3":3,"4":3,"5":3,"6":3,"7":3,"8":3,"9":3,"10":3,"11":2,"12":2,"13":2,"14":1,"15":3,"16":3,"17":2,"18":2,"19":2,"20":2,"21":3,"22":3,"23":2,"24":2,"25":2,"26":2,"27":3,"28":3,"29":1,"30":1,"31":1,"32":1,"33":1,"34":1,"35":0,"36":0,"37":3},"f":{"0":2,"1":2,"2":2,"3":2,"4":2,"5":2,"6":1,"7":1},"b":{}}
,"C:\\Users\\nacho\\OneDrive\\Escritorio\\API-Mesa-de-examen\\backend\\src\\Servicios\\AuthService.ts": {"path":"C:\\Users\\nacho\\OneDrive\\Escritorio\\API-Mesa-de-examen\\backend\\src\\Servicios\\AuthService.ts","statementMap":{"0":{"start":{"line":2,"column":0},"end":{"line":2,"column":31}},"1":{"start":{"line":4,"column":15},"end":{"line":4,"column":27}},"2":{"start":{"line":7,"column":17},"end":{"line":9,"column":2}},"3":{"start":{"line":13,"column":20},"end":{"line":13,"column":84}},"4":{"start":{"line":13,"column":39},"end":{"line":13,"column":83}},"5":{"start":{"line":14,"column":4},"end":{"line":14,"column":30}},"6":{"start":{"line":14,"column":18},"end":{"line":14,"column":30}},"7":{"start":{"line":17,"column":4},"end":{"line":17,"column":75}},"8":{"start":{"line":21,"column":4},"end":{"line":25,"column":5}},"9":{"start":{"line":22,"column":6},"end":{"line":22,"column":39}},"10":{"start":{"line":24,"column":6},"end":{"line":24,"column":18}},"11":{"start":{"line":11,"column":0},"end":{"line":11,"column":13}}},"fnMap":{"0":{"name":"(anonymous_1)","decl":{"start":{"line":12,"column":2},"end":{"line":12,"column":7}},"loc":{"start":{"line":12,"column":39},"end":{"line":18,"column":3}}},"1":{"name":"(anonymous_2)","decl":{"start":{"line":13,"column":34},"end":{"line":13,"column":35}},"loc":{"start":{"line":13,"column":39},"end":{"line":13,"column":83}}},"2":{"name":"(anonymous_3)","decl":{"start":{"line":20,"column":2},"end":{"line":20,"column":11}},"loc":{"start":{"line":20,"column":25},"end":{"line":26,"column":3}}}},"branchMap":{"0":{"loc":{"start":{"line":13,"column":39},"end":{"line":13,"column":83}},"type":"binary-expr","locations":[{"start":{"line":13,"column":39},"end":{"line":13,"column":56}},{"start":{"line":13,"column":60},"end":{"line":13,"column":83}}]},"1":{"loc":{"start":{"line":14,"column":4},"end":{"line":14,"column":30}},"type":"if","locations":[{"start":{"line":14,"column":4},"end":{"line":14,"column":30}}]}},"s":{"0":5,"1":5,"2":5,"3":4,"4":4,"5":4,"6":2,"7":2,"8":0,"9":0,"10":0,"11":5},"f":{"0":4,"1":4,"2":0},"b":{"0":[4,2],"1":[2]}}
,"C:\\Users\\nacho\\OneDrive\\Escritorio\\API-Mesa-de-examen\\backend\\src\\Servicios\\MesaRepository.ts": {"path":"C:\\Users\\nacho\\OneDrive\\Escritorio\\API-Mesa-de-examen\\backend\\src\\Servicios\\MesaRepository.ts","statementMap":{"0":{"start":{"line":2,"column":0},"end":{"line":2,"column":39}},"1":{"start":{"line":12,"column":52},"end":{"line":12,"column":56}},"2":{"start":{"line":14,"column":4},"end":{"line":18,"column":6}},"3":{"start":{"line":4,"column":0},"end":{"line":4,"column":13}}},"fnMap":{"0":{"name":"(anonymous_8)","decl":{"start":{"line":5,"column":8},"end":{"line":5,"column":17}},"loc":{"start":{"line":11,"column":3},"end":{"line":19,"column":null}}}},"branchMap":{},"s":{"0":4,"1":4,"2":4,"3":4},"f":{"0":4},"b":{}}
,"C:\\Users\\nacho\\OneDrive\\Escritorio\\API-Mesa-de-examen\\backend\\src\\Servicios\\NotificacionService.ts": {"path":"C:\\Users\\nacho\\OneDrive\\Escritorio\\API-Mesa-de-examen\\backend\\src\\Servicios\\NotificacionService.ts","statementMap":{"0":{"start":{"line":7,"column":4},"end":{"line":7,"column":33}},"1":{"start":{"line":11,"column":4},"end":{"line":11,"column":33}},"2":{"start":{"line":15,"column":23},"end":{"line":15,"column":61}},"3":{"start":{"line":17,"column":20},"end":{"line":17,"column":59}},"4":{"start":{"line":19,"column":4},"end":{"line":19,"column":66}},"5":{"start":{"line":3,"column":0},"end":{"line":3,"column":13}}},"fnMap":{"0":{"name":"(anonymous_7)","decl":{"start":{"line":6,"column":2},"end":{"line":6,"column":14}},"loc":{"start":{"line":6,"column":47},"end":{"line":8,"column":3}}},"1":{"name":"(anonymous_8)","decl":{"start":{"line":10,"column":2},"end":{"line":10,"column":15}},"loc":{"start":{"line":10,"column":49},"end":{"line":12,"column":3}}},"2":{"name":"(anonymous_9)","decl":{"start":{"line":14,"column":8},"end":{"line":14,"column":26}},"loc":{"start":{"line":14,"column":55},"end":{"line":20,"column":null}}}},"branchMap":{"0":{"loc":{"start":{"line":15,"column":23},"end":{"line":15,"column":61}},"type":"binary-expr","locations":[{"start":{"line":15,"column":23},"end":{"line":15,"column":39}},{"start":{"line":15,"column":43},"end":{"line":15,"column":61}}]}},"s":{"0":6,"1":0,"2":6,"3":6,"4":6,"5":4},"f":{"0":6,"1":0,"2":6},"b":{"0":[6,2]}}
,"C:\\Users\\nacho\\OneDrive\\Escritorio\\API-Mesa-de-examen\\backend\\src\\Servicios\\NotificacionesPushObserver.ts": {"path":"C:\\Users\\nacho\\OneDrive\\Escritorio\\API-Mesa-de-examen\\backend\\src\\Servicios\\NotificacionesPushObserver.ts","statementMap":{"0":{"start":{"line":3,"column":0},"end":{"line":3,"column":62}},"1":{"start":{"line":13,"column":32},"end":{"line":13,"column":54}},"2":{"start":{"line":14,"column":0},"end":{"line":14,"column":39}}},"fnMap":{},"branchMap":{},"s":{"0":3,"1":3,"2":3},"f":{},"b":{}}
,"C:\\Users\\nacho\\OneDrive\\Escritorio\\API-Mesa-de-examen\\backend\\src\\Servicios\\NotificadorMesasObserver.ts": {"path":"C:\\Users\\nacho\\OneDrive\\Escritorio\\API-Mesa-de-examen\\backend\\src\\Servicios\\NotificadorMesasObserver.ts","statementMap":{"0":{"start":{"line":4,"column":0},"end":{"line":4,"column":60}},"1":{"start":{"line":8,"column":10},"end":{"line":8,"column":37}},"2":{"start":{"line":12,"column":4},"end":{"line":12,"column":34}},"3":{"start":{"line":16,"column":4},"end":{"line":16,"column":70}},"4":{"start":{"line":16,"column":52},"end":{"line":16,"column":68}},"5":{"start":{"line":21,"column":4},"end":{"line":21,"column":64}},"6":{"start":{"line":21,"column":41},"end":{"line":21,"column":62}},"7":{"start":{"line":26,"column":23},"end":{"line":26,"column":56}},"8":{"start":{"line":27,"column":4},"end":{"line":27,"column":28}},"9":{"start":{"line":6,"column":0},"end":{"line":6,"column":13}}},"fnMap":{"0":{"name":"(anonymous_0)","decl":{"start":{"line":6,"column":0},"end":{"line":6,"column":13}},"loc":{"start":{"line":6,"column":0},"end":{"line":29,"column":1}}},"1":{"name":"(anonymous_1)","decl":{"start":{"line":11,"column":2},"end":{"line":11,"column":8}},"loc":{"start":{"line":11,"column":27},"end":{"line":13,"column":3}}},"2":{"name":"(anonymous_2)","decl":{"start":{"line":15,"column":2},"end":{"line":15,"column":8}},"loc":{"start":{"line":15,"column":27},"end":{"line":17,"column":3}}},"3":{"name":"(anonymous_3)","decl":{"start":{"line":16,"column":43},"end":{"line":16,"column":44}},"loc":{"start":{"line":16,"column":52},"end":{"line":16,"column":68}}},"4":{"name":"(anonymous_4)","decl":{"start":{"line":20,"column":2},"end":{"line":20,"column":8}},"loc":{"start":{"line":20,"column":23},"end":{"line":22,"column":3}}},"5":{"name":"(anonymous_5)","decl":{"start":{"line":21,"column":27},"end":{"line":21,"column":28}},"loc":{"start":{"line":21,"column":41},"end":{"line":21,"column":62}}},"6":{"name":"(anonymous_6)","decl":{"start":{"line":25,"column":2},"end":{"line":25,"column":20}},"loc":{"start":{"line":25,"column":38},"end":{"line":28,"column":3}}}},"branchMap":{},"s":{"0":4,"1":5,"2":2,"3":1,"4":1,"5":5,"6":1,"7":0,"8":0,"9":4},"f":{"0":5,"1":2,"2":1,"3":1,"4":5,"5":1,"6":0},"b":{}}
,"C:\\Users\\nacho\\OneDrive\\Escritorio\\API-Mesa-de-examen\\backend\\src\\Servicios\\PushStrategyA.ts": {"path":"C:\\Users\\nacho\\OneDrive\\Escritorio\\API-Mesa-de-examen\\backend\\src\\Servicios\\PushStrategyA.ts","statementMap":{"0":{"start":{"line":3,"column":0},"end":{"line":3,"column":81}},"1":{"start":{"line":8,"column":27},"end":{"line":13,"column":6}},"2":{"start":{"line":16,"column":4},"end":{"line":16,"column":41}},"3":{"start":{"line":5,"column":0},"end":{"line":5,"column":13}}},"fnMap":{"0":{"name":"(anonymous_8)","decl":{"start":{"line":6,"column":8},"end":{"line":6,"column":26}},"loc":{"start":{"line":6,"column":62},"end":{"line":17,"column":null}}}},"branchMap":{},"s":{"0":5,"1":6,"2":6,"3":5},"f":{"0":6},"b":{}}
,"C:\\Users\\nacho\\OneDrive\\Escritorio\\API-Mesa-de-examen\\backend\\src\\Servicios\\PushSuscripcionObserver.ts": {"path":"C:\\Users\\nacho\\OneDrive\\Escritorio\\API-Mesa-de-examen\\backend\\src\\Servicios\\PushSuscripcionObserver.ts","statementMap":{"0":{"start":{"line":6,"column":0},"end":{"line":6,"column":31}},"1":{"start":{"line":10,"column":24},"end":{"line":10,"column":41}},"2":{"start":{"line":12,"column":20},"end":{"line":14,"column":null}},"3":{"start":{"line":17,"column":4},"end":{"line":21,"column":5}},"4":{"start":{"line":18,"column":6},"end":{"line":18,"column":65}},"5":{"start":{"line":20,"column":6},"end":{"line":20,"column":60}},"6":{"start":{"line":9,"column":0},"end":{"line":9,"column":13}}},"fnMap":{"0":{"name":"(anonymous_8)","decl":{"start":{"line":10,"column":4},"end":{"line":10,"column":24}},"loc":{"start":{"line":10,"column":41},"end":{"line":10,"column":45}}},"1":{"name":"(anonymous_9)","decl":{"start":{"line":11,"column":10},"end":{"line":11,"column":16}},"loc":{"start":{"line":11,"column":31},"end":{"line":22,"column":null}}}},"branchMap":{},"s":{"0":5,"1":1,"2":1,"3":1,"4":1,"5":0,"6":5},"f":{"0":1,"1":1},"b":{}}
,"C:\\Users\\nacho\\OneDrive\\Escritorio\\API-Mesa-de-examen\\backend\\src\\Servicios\\RespuestaProfesorService.ts": {"path":"C:\\Users\\nacho\\OneDrive\\Escritorio\\API-Mesa-de-examen\\backend\\src\\Servicios\\RespuestaProfesorService.ts","statementMap":{"0":{"start":{"line":10,"column":10},"end":{"line":10,"column":39}},"1":{"start":{"line":13,"column":4},"end":{"line":13,"column":45}},"2":{"start":{"line":17,"column":4},"end":{"line":17,"column":46}},"3":{"start":{"line":21,"column":18},"end":{"line":22,"column":null}},"4":{"start":{"line":22,"column":13},"end":{"line":22,"column":63}},"5":{"start":{"line":24,"column":4},"end":{"line":28,"column":5}},"6":{"start":{"line":25,"column":6},"end":{"line":25,"column":45}},"7":{"start":{"line":27,"column":6},"end":{"line":27,"column":59}},"8":{"start":{"line":32,"column":4},"end":{"line":34,"column":14}},"9":{"start":{"line":33,"column":13},"end":{"line":33,"column":63}},"10":{"start":{"line":9,"column":0},"end":{"line":9,"column":13}}},"fnMap":{"0":{"name":"(anonymous_0)","decl":{"start":{"line":9,"column":0},"end":{"line":9,"column":13}},"loc":{"start":{"line":9,"column":0},"end":{"line":36,"column":1}}},"1":{"name":"(anonymous_1)","decl":{"start":{"line":12,"column":2},"end":{"line":12,"column":11}},"loc":{"start":{"line":12,"column":46},"end":{"line":14,"column":3}}},"2":{"name":"(anonymous_2)","decl":{"start":{"line":16,"column":2},"end":{"line":16,"column":10}},"loc":{"start":{"line":16,"column":45},"end":{"line":18,"column":3}}},"3":{"name":"(anonymous_3)","decl":{"start":{"line":20,"column":10},"end":{"line":20,"column":19}},"loc":{"start":{"line":20,"column":71},"end":{"line":29,"column":3}}},"4":{"name":"(anonymous_4)","decl":{"start":{"line":22,"column":6},"end":{"line":22,"column":7}},"loc":{"start":{"line":22,"column":13},"end":{"line":22,"column":63}}},"5":{"name":"(anonymous_5)","decl":{"start":{"line":31,"column":2},"end":{"line":31,"column":9}},"loc":{"start":{"line":31,"column":44},"end":{"line":35,"column":3}}},"6":{"name":"(anonymous_6)","decl":{"start":{"line":33,"column":6},"end":{"line":33,"column":7}},"loc":{"start":{"line":33,"column":13},"end":{"line":33,"column":63}}}},"branchMap":{"0":{"loc":{"start":{"line":22,"column":13},"end":{"line":22,"column":63}},"type":"binary-expr","locations":[{"start":{"line":22,"column":13},"end":{"line":22,"column":40}},{"start":{"line":22,"column":44},"end":{"line":22,"column":63}}]},"1":{"loc":{"start":{"line":24,"column":4},"end":{"line":28,"column":5}},"type":"if","locations":[{"start":{"line":24,"column":4},"end":{"line":28,"column":5}},{"start":{"line":26,"column":11},"end":{"line":28,"column":5}}]},"2":{"loc":{"start":{"line":32,"column":11},"end":{"line":34,"column":13}},"type":"cond-expr","locations":[{"start":{"line":34,"column":5},"end":{"line":34,"column":7}},{"start":{"line":34,"column":5},"end":{"line":34,"column":13}}]},"3":{"loc":{"start":{"line":32,"column":11},"end":{"line":34,"column":7}},"type":"binary-expr","locations":[{"start":{"line":32,"column":11},"end":{"line":34,"column":7}},{"start":{"line":34,"column":5},"end":{"line":34,"column":7}}]},"4":{"loc":{"start":{"line":33,"column":13},"end":{"line":33,"column":63}},"type":"binary-expr","locations":[{"start":{"line":33,"column":13},"end":{"line":33,"column":40}},{"start":{"line":33,"column":44},"end":{"line":33,"column":63}}]}},"s":{"0":4,"1":3,"2":3,"3":6,"4":3,"5":6,"6":2,"7":4,"8":2,"9":3,"10":4},"f":{"0":4,"1":3,"2":3,"3":6,"4":3,"5":2,"6":3},"b":{"0":[3,2],"1":[2,4],"2":[0,2],"3":[2,2],"4":[3,2]}}
,"C:\\Users\\nacho\\OneDrive\\Escritorio\\API-Mesa-de-examen\\backend\\src\\Servicios\\SistemaExamenFacade.ts": {"path":"C:\\Users\\nacho\\OneDrive\\Escritorio\\API-Mesa-de-examen\\backend\\src\\Servicios\\SistemaExamenFacade.ts","statementMap":{"0":{"start":{"line":8,"column":4},"end":{"line":8,"column":47}},"1":{"start":{"line":19,"column":4},"end":{"line":19,"column":29}},"2":{"start":{"line":20,"column":4},"end":{"line":20,"column":45}},"3":{"start":{"line":21,"column":4},"end":{"line":21,"column":35}},"4":{"start":{"line":31,"column":4},"end":{"line":31,"column":40}},"5":{"start":{"line":32,"column":4},"end":{"line":32,"column":73}},"6":{"start":{"line":36,"column":4},"end":{"line":36,"column":56}},"7":{"start":{"line":37,"column":4},"end":{"line":37,"column":83}},"8":{"start":{"line":41,"column":4},"end":{"line":41,"column":55}},"9":{"start":{"line":42,"column":4},"end":{"line":42,"column":82}},"10":{"start":{"line":6,"column":0},"end":{"line":6,"column":13}}},"fnMap":{"0":{"name":"(anonymous_7)","decl":{"start":{"line":7,"column":2},"end":{"line":7,"column":8}},"loc":{"start":{"line":7,"column":47},"end":{"line":9,"column":3}}},"1":{"name":"(anonymous_8)","decl":{"start":{"line":14,"column":2},"end":{"line":14,"column":null}},"loc":{"start":{"line":17,"column":36},"end":{"line":22,"column":3}}},"2":{"name":"(anonymous_9)","decl":{"start":{"line":24,"column":15},"end":{"line":24,"column":26}},"loc":{"start":{"line":30,"column":3},"end":{"line":33,"column":null}}},"3":{"name":"(anonymous_11)","decl":{"start":{"line":35,"column":9},"end":{"line":35,"column":22}},"loc":{"start":{"line":35,"column":57},"end":{"line":38,"column":3}}},"4":{"name":"(anonymous_12)","decl":{"start":{"line":40,"column":9},"end":{"line":40,"column":21}},"loc":{"start":{"line":40,"column":56},"end":{"line":43,"column":3}}}},"branchMap":{},"s":{"0":0,"1":4,"2":4,"3":4,"4":3,"5":2,"6":3,"7":3,"8":3,"9":3,"10":4},"f":{"0":0,"1":4,"2":3,"3":3,"4":3},"b":{}}
}
