TN:
SF:backend\src\App.ts
FN:8,testDBConnection
FNF:1
FNH:1
FNDA:2,testDBConnection
DA:1,2
DA:2,2
DA:3,2
DA:4,2
DA:5,2
DA:9,2
DA:10,2
DA:11,1
DA:13,0
DA:17,2
DA:19,2
DA:20,2
DA:21,2
DA:22,2
DA:23,2
DA:24,2
DA:26,2
LF:17
LH:16
BRF:0
BRH:0
end_of_record
TN:
SF:backend\src\rutas.ts
FNF:0
FNH:0
DA:1,3
DA:2,3
DA:3,3
DA:9,3
DA:12,3
DA:13,3
DA:14,3
DA:15,3
DA:16,3
DA:17,3
DA:18,3
DA:19,3
LF:12
LH:12
BRF:0
BRH:0
end_of_record
TN:
SF:backend\src\subscripciones.ts
FN:13,(anonymous_8)
FN:20,(anonymous_9)
FN:20,(anonymous_10)
FNF:3
FNH:3
FNDA:1,(anonymous_8)
FNDA:2,(anonymous_9)
FNDA:2,(anonymous_10)
DA:1,4
DA:2,4
DA:3,4
DA:4,4
DA:6,4
DA:7,4
DA:10,4
DA:11,4
DA:13,4
DA:14,1
DA:15,1
DA:16,1
DA:20,4
DA:21,2
DA:23,2
DA:30,2
DA:32,2
DA:33,2
DA:34,0
DA:36,2
DA:37,2
DA:41,4
LF:22
LH:21
BRF:0
BRH:0
end_of_record
TN:
SF:backend\src\Configuracion\db.ts
FNF:0
FNH:0
DA:1,2
DA:3,2
DA:12,2
LF:3
LH:3
BRF:0
BRH:0
end_of_record
TN:
SF:backend\src\Controladores\AuthController.ts
FN:7,(anonymous_0)
FNF:1
FNH:1
FNDA:2,(anonymous_0)
DA:3,4
DA:5,4
DA:7,4
DA:8,2
DA:9,2
DA:11,2
DA:12,1
DA:13,1
DA:16,1
LF:9
LH:9
BRDA:11,0,0,1
BRF:1
BRH:1
end_of_record
TN:
SF:backend\src\Controladores\GestiondeMesas.ts
FN:19,(anonymous_7)
FN:19,(anonymous_8)
FN:33,(anonymous_9)
FN:33,(anonymous_10)
FN:40,(anonymous_11)
FN:40,(anonymous_12)
FN:46,(anonymous_13)
FN:46,(anonymous_14)
FNF:8
FNH:8
FNDA:2,(anonymous_7)
FNDA:2,(anonymous_8)
FNDA:2,(anonymous_9)
FNDA:2,(anonymous_10)
FNDA:2,(anonymous_11)
FNDA:2,(anonymous_12)
FNDA:1,(anonymous_13)
FNDA:1,(anonymous_14)
DA:2,3
DA:4,3
DA:5,3
DA:6,3
DA:7,3
DA:10,3
DA:11,3
DA:12,3
DA:13,3
DA:16,3
DA:19,3
DA:26,2
DA:28,2
DA:29,1
DA:33,3
DA:34,2
DA:35,2
DA:36,2
DA:40,3
DA:41,2
DA:42,2
DA:43,2
DA:46,3
DA:47,1
DA:54,1
DA:56,1
DA:57,1
DA:58,1
DA:60,0
DA:61,0
LF:30
LH:28
BRF:0
BRH:0
end_of_record
TN:
SF:backend\src\Servicios\AuthService.ts
FN:12,(anonymous_1)
FN:13,(anonymous_2)
FN:20,(anonymous_3)
FNF:3
FNH:2
FNDA:4,(anonymous_1)
FNDA:4,(anonymous_2)
FNDA:0,(anonymous_3)
DA:2,5
DA:4,5
DA:7,5
DA:11,5
DA:13,4
DA:14,4
DA:17,2
DA:21,0
DA:22,0
DA:24,0
LF:10
LH:7
BRDA:13,0,0,4
BRDA:13,0,1,2
BRDA:14,1,0,2
BRF:3
BRH:3
end_of_record
TN:
SF:backend\src\Servicios\MesaRepository.ts
FN:5,(anonymous_8)
FNF:1
FNH:1
FNDA:4,(anonymous_8)
DA:2,4
DA:4,4
DA:12,4
DA:14,4
LF:4
LH:4
BRF:0
BRH:0
end_of_record
TN:
SF:backend\src\Servicios\NotificacionService.ts
FN:6,(anonymous_7)
FN:10,(anonymous_8)
FN:14,(anonymous_9)
FNF:3
FNH:2
FNDA:6,(anonymous_7)
FNDA:0,(anonymous_8)
FNDA:6,(anonymous_9)
DA:3,4
DA:7,6
DA:11,0
DA:15,6
DA:17,6
DA:19,6
LF:6
LH:5
BRDA:15,0,0,6
BRDA:15,0,1,2
BRF:2
BRH:2
end_of_record
TN:
SF:backend\src\Servicios\NotificacionesPushObserver.ts
FNF:0
FNH:0
DA:3,3
DA:13,3
DA:14,3
LF:3
LH:3
BRF:0
BRH:0
end_of_record
TN:
SF:backend\src\Servicios\NotificadorMesasObserver.ts
FN:6,(anonymous_0)
FN:11,(anonymous_1)
FN:15,(anonymous_2)
FN:16,(anonymous_3)
FN:20,(anonymous_4)
FN:21,(anonymous_5)
FN:25,(anonymous_6)
FNF:7
FNH:6
FNDA:5,(anonymous_0)
FNDA:2,(anonymous_1)
FNDA:1,(anonymous_2)
FNDA:1,(anonymous_3)
FNDA:5,(anonymous_4)
FNDA:1,(anonymous_5)
FNDA:0,(anonymous_6)
DA:4,4
DA:6,4
DA:8,5
DA:12,2
DA:16,1
DA:21,5
DA:26,0
DA:27,0
LF:8
LH:6
BRF:0
BRH:0
end_of_record
TN:
SF:backend\src\Servicios\PushStrategyA.ts
FN:6,(anonymous_8)
FNF:1
FNH:1
FNDA:6,(anonymous_8)
DA:3,5
DA:5,5
DA:8,6
DA:16,6
LF:4
LH:4
BRF:0
BRH:0
end_of_record
TN:
SF:backend\src\Servicios\PushSuscripcionObserver.ts
FN:10,(anonymous_8)
FN:11,(anonymous_9)
FNF:2
FNH:2
FNDA:1,(anonymous_8)
FNDA:1,(anonymous_9)
DA:6,5
DA:9,5
DA:10,1
DA:12,1
DA:17,1
DA:18,1
DA:20,0
LF:7
LH:6
BRF:0
BRH:0
end_of_record
TN:
SF:backend\src\Servicios\RespuestaProfesorService.ts
FN:9,(anonymous_0)
FN:12,(anonymous_1)
FN:16,(anonymous_2)
FN:20,(anonymous_3)
FN:22,(anonymous_4)
FN:31,(anonymous_5)
FN:33,(anonymous_6)
FNF:7
FNH:7
FNDA:4,(anonymous_0)
FNDA:3,(anonymous_1)
FNDA:3,(anonymous_2)
FNDA:6,(anonymous_3)
FNDA:3,(anonymous_4)
FNDA:2,(anonymous_5)
FNDA:3,(anonymous_6)
DA:9,4
DA:10,4
DA:13,3
DA:17,3
DA:21,6
DA:22,3
DA:24,6
DA:25,2
DA:27,4
DA:32,2
DA:33,3
LF:11
LH:11
BRDA:22,0,0,3
BRDA:22,0,1,2
BRDA:24,1,0,2
BRDA:24,1,1,4
BRDA:32,2,0,0
BRDA:32,2,1,2
BRDA:32,3,0,2
BRDA:32,3,1,2
BRDA:33,4,0,3
BRDA:33,4,1,2
BRF:10
BRH:9
end_of_record
TN:
SF:backend\src\Servicios\SistemaExamenFacade.ts
FN:7,(anonymous_7)
FN:14,(anonymous_8)
FN:24,(anonymous_9)
FN:35,(anonymous_11)
FN:40,(anonymous_12)
FNF:5
FNH:4
FNDA:0,(anonymous_7)
FNDA:4,(anonymous_8)
FNDA:3,(anonymous_9)
FNDA:3,(anonymous_11)
FNDA:3,(anonymous_12)
DA:6,4
DA:8,0
DA:19,4
DA:20,4
DA:21,4
DA:31,3
DA:32,2
DA:36,3
DA:37,3
DA:41,3
DA:42,3
LF:11
LH:10
BRF:0
BRH:0
end_of_record
